  2.160401777113492E-002  0.000000000000000E+000
  6.481205331340475E-002  0.000000000000000E+000
  0.108020088855675       0.000000000000000E+000
  0.151228124397944       0.000000000000000E+000
  0.194436159940214       0.000000000000000E+000
  0.237644195482484       0.000000000000000E+000
  0.280852231024754       0.000000000000000E+000
  0.324060266567024       0.000000000000000E+000
  0.367268302109294       0.000000000000000E+000
  0.410476337651563       0.000000000000000E+000
  0.453684373193833       0.000000000000000E+000
  0.496892408736103       0.000000000000000E+000
  0.540100444278373       0.000000000000000E+000
  0.583308479820643       0.000000000000000E+000
  0.626516515362913       0.000000000000000E+000
  0.669724550905182       0.000000000000000E+000
  0.712932586447452       0.000000000000000E+000
  0.756140621989722       0.000000000000000E+000
  0.799348657531992       0.000000000000000E+000
  0.842556693074262       0.000000000000000E+000
  0.885764728616532       0.000000000000000E+000
  0.928972764158802       0.000000000000000E+000
  0.972180799701071       0.000000000000000E+000
   1.01538883524334       0.000000000000000E+000
   1.05859687078561       0.000000000000000E+000
   1.10180490632788       0.000000000000000E+000
   1.14501294187015       0.000000000000000E+000
   1.18822097741242       0.000000000000000E+000
   1.23142901295469       0.000000000000000E+000
   1.27463704849696       0.000000000000000E+000
   1.31784508403923       0.000000000000000E+000
   1.36105311958150       0.000000000000000E+000
   1.40426115512377       0.000000000000000E+000
   1.44746919066604       0.000000000000000E+000
   1.49067722620831       0.000000000000000E+000
   1.53388526175058       0.000000000000000E+000
   1.57709329729285       0.000000000000000E+000
   1.62030133283512       0.000000000000000E+000
   1.66350936837739       0.000000000000000E+000
   1.70671740391966       0.000000000000000E+000
   1.74992543946193       9.381379204088658E-004
   1.79313347500420       4.467366659891684E-003
   1.83634151054647       2.470579894512450E-002
   1.87954954608874       8.213391709345341E-002
   1.92275758163101       0.205146650474948     
   1.96596561717328       0.337453843934109     
   2.00917365271555       0.522362772074567     
   2.05238168825782       0.722938588966165     
   2.09558972380009       0.917166011375595     
   2.13879775934236        1.07956677434155     
   2.18200579488463        1.22730584507638     
   2.22521383042690        1.32921669400613     
   2.26842186596917        1.34996764734682     
   2.31162990151144        1.42739154015507     
   2.35483793705371        1.42367330142526     
   2.39804597259598        1.44277389112508     
   2.44125400813825        1.43312963850112     
   2.48446204368052        1.42793198256142     
   2.52767007922279        1.41505472823873     
   2.57087811476506        1.36876000830803     
   2.61408615030733        1.38274481259686     
   2.65729418584960        1.30274774069580     
   2.70050222139187        1.28857602239202     
   2.74371025693413        1.26510306534602     
   2.78691829247640        1.24874312639829     
   2.83012632801867        1.25896855249985     
   2.87333436356094        1.19181240816969     
   2.91654239910321        1.10542509033760     
   2.95975043464548        1.10978870314895     
   3.00295847018775        1.12077267634229     
   3.04616650573002        1.08146351252216     
   3.08937454127229        1.07911765613878     
   3.13258257681456        1.02115667142407     
   3.17579061235683        1.05337821065069     
   3.21899864789910        1.01419960313271     
   3.26220668344137        1.01045825459335     
   3.30541471898364       0.980269861662356     
   3.34862275452591       0.978963294017136     
   3.39183079006818       0.976405848529143     
   3.43503882561045       0.971718666471775     
   3.47824686115272       0.941790196868101     
   3.52145489669499       0.958900536333033     
   3.56466293223726       0.939187013962652     
   3.60787096777953       0.920578545781472     
   3.65107900332180       0.907970573912374     
   3.69428703886407       0.927904341868210     
   3.73749507440634       0.948735614839820     
   3.78070310994861       0.930993221460672     
   3.82391114549088       0.905357512141044     
   3.86711918103315       0.942872060034030     
   3.91032721657542       0.912943967118455     
   3.95353525211769       0.899163644040939     
   3.99674328765996       0.944753494034127     
   4.03995132320223       0.915675907512849     
   4.08315935874450       0.939995742340385     
   4.12636739428677       0.942179172112066     
   4.16957542982904       0.962909133686402     
   4.21278346537131       0.958313198270834     
   4.25599150091358       0.976385275163365     
   4.29919953645585        1.00022460877568     
   4.34240757199812       0.988341410975747     
   4.38561560754039       0.994355684280336     
   4.42882364308266       0.995407699997868     
   4.47203167862493       0.976840451910818     
   4.51523971416720        1.00389159231738     
   4.55844774970947       0.999329652701854     
   4.60165578525174        1.01294153729319     
   4.64486382079401        1.00323888504155     
   4.68807185633628       0.999994671218968     
   4.73127989187855       0.995802692847865     
   4.77448792742082        1.00256252078490     
   4.81769596296309        1.02340285298959     
   4.86090399850536        1.03033714370824     
   4.90411203404763        1.01273934112048     
   4.94732006958990        1.00592566609711     
   4.99052810513217        1.01926667942206     
   5.03373614067444        1.02225251330623     
   5.07694417621671        1.03011665950219     
   5.12015221175898        1.02836555682150     
   5.16336024730125        1.03094674142711     
   5.20656828284352        1.00871369093612     
   5.24977631838579        1.01563228147748     
   5.29298435392806        1.01921757223026     
   5.33619238947032        1.00520037863468     
   5.37940042501260        1.00698775364671     
   5.42260846055486        1.00751601015208     
   5.46581649609713        1.00607464539851     
   5.50902453163940        1.00180916736271     
   5.55223256718167        1.01088090787863     
   5.59544060272394        1.01019444972292     
   5.63864863826621        1.01438002985425     
   5.68185667380848        1.00194762874865     
   5.72506470935075        1.01081020291672     
   5.76827274489302        1.00289035188148     
   5.81148078043529        1.00096291027267     
   5.85468881597756        1.00761578699595     
   5.89789685151983       0.996953278747241     
   5.94110488706210       0.998376732309620     
   5.98431292260437        1.00414775111053     
   6.02752095814664       0.981183668867750     
   6.07072899368891       0.993069530436235     
   6.11393702923118       0.981004296529249     
   6.15714506477345       0.988730548556512     
   6.20035310031572       0.998164609263603     
   6.24356113585799       0.985797321624769     
   6.28676917140026        1.00086039693103     
   6.32997720694253       0.988964270900000     
   6.37318524248480       0.989109817238592     
   6.41639327802707       0.987277646223163     
   6.45960131356934        1.00502856306885     
   6.50280934911161        1.00204397053305     
   6.54601738465388       0.997038967713721     
   6.58922542019615       0.991218435993845     
   6.63243345573842       0.980370265236192     
   6.67564149128069       0.982548010518034     
   6.71884952682296        1.00119911145443     
   6.76205756236523       0.987628363254258     
   6.80526559790750       0.997087268048147     
   6.84847363344977        1.00316685976092     
   6.89168166899204        1.00375353919464     
   6.93488970453431        1.00293353246731     
   6.97809774007658       0.998339801498404     
   7.02130577561885        1.01050808628988     
   7.06451381116112       0.996803399713772     
   7.10772184670339       0.988019409662524     
   7.15092988224566       0.999431466441214     
   7.19413791778793       0.990515405723302     
   7.23734595333020       0.994684724415540     
   7.28055398887247        1.01483713032112     
   7.32376202441474        1.00584392765149     
   7.36697005995701        1.00646676356756     
   7.41017809549928        1.00569871424817     
   7.45338613104155        1.00860428036151     
   7.49659416658382       0.994966419384325     
   7.53980220212609       0.999868311619797     
   7.58301023766836       0.995351144939423     
   7.62621827321063       0.999516495028970     
   7.66942630875290       0.993365747134245     
   7.71263434429517       0.992602388070937     
   7.75584237983744       0.999531530918543     
   7.79905041537971       0.997461320063427     
   7.84225845092198        1.01167901210231     
   7.88546648646425       0.997388298117360     
   7.92867452200652       0.999800514808662     
   7.97188255754879        1.00042931925000     
   8.01509059309105        1.00595050355251     
   8.05829862863333        1.00616392857872     
   8.10150666417560        1.00373304433437     
   8.14471469971786        1.00991540301281     
   8.18792273526013       0.999627635765076     
   8.23113077080240       0.999846259872742     
   8.27433880634467       0.999376376723622     
   8.31754684188694        1.00280738609241     
   8.36075487742921        1.00077134437122     
   8.40396291297148        1.00132743744500     
   8.44717094851375       0.998155895436795     
   8.49037898405602        1.01081895251689     
   8.53358701959829       0.992836799080087     
   8.57679505514056       0.997074651354444     
   8.62000309068283        1.00237645506870     
