 # Time         Temp      Kin     Potencial       E_tot        Pressure
   0.0000000000000000        304.30076265436747        3.7951449444207608       0.84174480226552040        4.6368897466862817        630252006.43047023     
   7.3971513515464502E-004   298.98894036997109        3.7288975406599438       0.79975703472873882        4.5286545753886829        618060325.56428897     
   1.4794302703092900E-003   285.77836654913460        3.5641393520451139       0.97983131767873466        4.5439706697238487        683401516.57979035     
   2.2191454054639351E-003   321.92014529622827        4.0148884323232990       0.85495155871550010        4.8698399910387984        640454265.21390724     
   2.9588605406185801E-003   301.73280357954445        3.7631181535074449       0.86482957014706474        4.6279477236545095        644337195.72560716     
   3.6985756757732251E-003   272.46801995965967        3.3981368283350122       0.76550279932209486        4.1636396276571075        606521555.56808960     
   4.4382908109278701E-003   311.41339056263843        3.8838514386541663       0.73102173744738297        4.6148731761015487        593774804.67526937     
   5.1780059460825156E-003   296.27316849297978        3.6950272742194019       0.76693813029050395        4.4619654045099058        606021661.71704388     
   5.9177210812371601E-003   280.96034092566799        3.5040504274315474       0.82762183024566649        4.3316722576772140        627950276.43724573     
   6.6574362163918056E-003   286.60652276451481        3.5744678600862221       0.99388115173829661        4.5683490118245187        684871470.80301452     
   7.3971513515464502E-003   298.25863606805058        3.7197894114027372       0.83037168772552694        4.5501610991282648        630345621.39398170     
   8.1368664867010956E-003   298.71559468474146        3.7254884578619594       0.89208276406122367        4.6175712219231837        651037111.50963509     
   8.8765816218557402E-003   325.87047415647714        4.0641557114191489       0.97811621335140364        5.0422719247705530        679798567.24938381     
   9.6162967570103848E-003   312.39788992368938        3.8961298100269048       0.79253859676785410        4.6886684067947586        616672205.88154006     
   1.0356011892165031E-002   307.93450789344246        3.8404638905617281        1.0521259652323443        4.8925898557940721        707780186.13881600     
   1.1095727027319676E-002   314.05989738996760        3.9168578528297417       0.75185946312848284        4.6687173159582240        600961122.46621573     
   1.1835442162474320E-002   305.12149331167882        3.8053808431995106       0.76020613618961930        4.5655869793891295        603162107.43160605     
   1.2575157297628965E-002   298.29265106106226        3.7202136358694688       0.64194688288148893        4.3621605187509571        561403927.13769066     
   1.3314872432783611E-002   310.65630641250374        3.8744093194171918       0.79705395514527333        4.6714632745624645        616678549.73123264     
   1.4054587567938256E-002   308.23910968506732        3.8442627898463138       0.73824711495501183        4.5825099048013254        593956851.59589779     
   1.4794302703092900E-002   283.85119681157960        3.5401042874507151       0.75810086118408082        4.2982051486347954        601029646.86347032     
   1.5534017838247545E-002   303.03698349046982        3.7793834817714607       0.73600549531542947        4.5153889770868902        593218827.70569777     
   1.6273732973402191E-002   309.20010451391568        3.8562480199670186       0.66551525473615414        4.5217632747031722        567350289.18103814     
   1.7013448108556834E-002   274.16036929922632        3.4192432855920547       0.87544197834381965        4.2946852639358744        641912991.06555152     
   1.7753163243711480E-002   287.79127161620755        3.5892436811380311       0.81541270187318304        4.4046563830112140        623603394.70907784     
   1.8492878378866123E-002   303.55512536304286        3.7858455868645775       0.82274606628622882        4.6085916531508069        625183640.95176601     
   1.9232593514020770E-002   305.70698001997545        3.8126828522435732       0.73470040015599714        4.5473832523995705        596380971.03348935     
   1.9972308649175416E-002   309.28743562194740        3.8573371865213377       0.66327998265296861        4.5206171691743071        569755076.13616407     
   2.0712023784330062E-002   309.95172735255937        3.8656220274171069       0.68999147091074331        4.5556134983278502        578299171.37733841     
   2.1451738919484705E-002   326.40005859395052        4.0707605246407441       0.68605470754349596        4.7568152321842403        577263116.56966305     
   2.2191454054639351E-002   294.30386255799749        3.6704667000099480       0.75950855466442135        4.4299752546743694        602965504.56437838     
   2.2931169189793998E-002   310.99009846265204        3.8785722705730095       0.68705975785165541        4.5656320284246652        575561300.96741760     
   2.3670884324948641E-002   286.68519078030147        3.5754489832348986       0.79315410797918051        4.3686030912140792        613814900.92468905     
   2.4410599460103287E-002   315.11660800587663        3.9300368206269334       0.68808887937294205        4.6181256999998759        575853684.94880033     
   2.5150314595257930E-002   298.40805373875872        3.7216529023537586       0.81188438839807708        4.5335372907518359        621312638.59743977     
   2.5890029730412576E-002   287.70521151357133        3.5881703661696847       0.77783939403472457        4.3660097602044097        606895741.65951431     
   2.6629744865567222E-002   315.15533689379640        3.9305198353322193       0.78193729046524685        4.7124571257974663        608193184.00989699     
   2.7369460000721865E-002   285.07002834408428        3.5553051771505531       0.73459451516719321        4.2898996923177464        592925299.63840008     
   2.8109175135876512E-002   309.90822660535764        3.8650794995595330       0.62536301740644440        4.4904425169659774        556177561.01313138     
   2.8848890271031154E-002   291.87061943231669        3.6401200447258049       0.84224369779766983        4.4823637425234750        631448557.53998923     
   2.9588605406185801E-002   314.74257087039064        3.9253719452208284       0.86900296898437945        4.7943749142052079        640526294.83299184     
   3.0328320541340447E-002   305.81492090773321        3.8140290575928359       0.77924496729367576        4.5932740248865125        609002028.41784358     
   3.1068035676495090E-002   270.07465934067608        3.3682875753325532       0.85978599489342422        4.2280735702259777        638195263.14920878     
   3.1807750811649736E-002   306.92115506401888        3.8278256676602966       0.77157846138260100        4.5994041290428971        608501823.71032727     
   3.2547465946804383E-002   305.77588861846721        3.8135422589598500       0.84248044900245878        4.6560227079623093        634829539.30535281     
   3.3287181081959022E-002   311.90022836279945        3.8899231290433645        1.0036436933507102        4.8935668223940745        691922507.76582742     
   3.4026896217113668E-002   283.53204681960869        3.5361239475134272       0.77499863913518907        4.3111225866486160        611096010.90855312     
   3.4766611352268315E-002   304.58761458157494        3.7987224728891178       0.73832669503740112        4.5370491679265186        596765473.76409960     
   3.5506326487422961E-002   313.00089962068586        3.9036503603634558       0.88533330673981681        4.7889836671032722        647445789.19540405     
   3.6246041622577607E-002   263.54224676601058        3.2868173471893156       0.70434154115456704        3.9911588883438829        584694298.91182613     
   3.6985756757732247E-002   297.00852316570763        3.7041983901384539       0.89875781996823301        4.6029562101066865        653772718.51071465     
   3.7725471892886893E-002   309.89873862477333        3.8649611684017882       0.91204085057838991        4.7770020189801778        656919493.87551749     
   3.8465187028041539E-002   319.71322365655845        3.9873643885763590       0.76156087816138218        4.7489252667377411        604876919.92251182     
   3.9204902163196186E-002   312.80384933919248        3.9011928102308735       0.90228022957725740        4.8034730398081305        653394653.20896006     
   3.9944617298350832E-002   284.72590690837404        3.5510134010944876       0.81859789767063074        4.3696112987651183        624747834.36180949     
   4.0684332433505485E-002   286.92053388708001        3.5783841096345306       0.85092753017678524        4.4293116398113161        634657355.78317940     
   4.1424047568660131E-002   310.39315641837948        3.8711273941235658       0.77844871497027812        4.6495761090938439        610709588.66114986     
   4.2163762703814785E-002   276.77334907252839        3.4518315607249197       0.83047995254877149        4.2823115132736911        628519852.98898542     
   4.2903477838969431E-002   283.60731098250869        3.5370626188622412       0.80040892094349314        4.3374715398057342        617810800.85501945     
   4.3643192974124077E-002   298.80700253528778        3.7266284682873536       0.94828796649935254        4.6749164347867067        668667538.54046583     
   4.4382908109278731E-002   274.40504714232065        3.4222948319343360       0.72155732737138589        4.1438521593057223        590085261.08385909     
   4.5122623244433377E-002   299.19026635908983        3.7314084160948910        1.0257669836418046        4.7571753997366955        696836228.64822924     
   4.5862338379588030E-002   331.00595398312214        4.1282038266169527       0.87158718698686533        4.9997910136038177        644767746.01251638     
   4.6602053514742676E-002   304.28628333610675        3.7949643628441114       0.86783985993810975        4.6628042227822206        643872879.09099686     
   4.7341768649897323E-002   307.18679476946471        3.8311386438630715       0.90277660186676933        4.7339152457298406        655601489.03835034     
   4.8081483785051976E-002   286.31087313141211        3.5707806093524339       0.86367153868214519        4.4344521480345787        639859075.91663766     
   4.8821198920206622E-002   335.66511892660327        4.1863114899899783       0.73227747557333733        4.9185889655633153        593875646.28568470     
   4.9560914055361276E-002   282.94533881224885        3.5288067068053848       0.85800510819813014        4.3868118150035151        639172692.73491859     
   5.0300629190515922E-002   302.40204405255287        3.7714647135869690       0.82219764705583709        4.5936623606428064        627701717.72183704     
   5.1040344325670568E-002   296.29425282625596        3.6952902314993694        1.0077434969676347        4.7030337284670045        693779180.82794881     
   5.1780059460825222E-002   302.63648070091341        3.7743885349177200       0.98785152800813569        4.7622400629258559        686243537.28831553     
   5.2519774595979868E-002   310.15275001238831        3.8681291198230183       0.85999971877068604        4.7281288385937046        642687430.90663648     
   5.3259489731134521E-002   323.73446023514390        4.0375160067925533       0.83225290304512622        4.8697689098376795        632708561.49550331     
   5.3999204866289167E-002   313.56802997748980        3.9107234346721680       0.73544358202981763        4.6461670167019857        598485983.51753974     
   5.4738920001443821E-002   280.60689799395772        3.4996423965619532       0.88854647901016726        4.3881888755721201        651920017.18409729     
   5.5478635136598467E-002   278.77647760824158        3.4768139599441144       0.73107413800479537        4.2078880979489099        596369323.28188837     
   5.6218350271753113E-002   287.05162605625753        3.5800190506013805       0.80536323684573596        4.3853822874471167        623329812.20305645     
   5.6958065406907767E-002   307.74067573876346        3.8380464759109083       0.71582493472939090        4.5538714106402987        590988239.25492191     
   5.7697780542062413E-002   319.20603126919440        3.9810388420743954        1.0281884365450733        5.0092272786194680        700256918.32700241     
   5.8437495677217066E-002   332.44981432027458        4.1462112059320608       0.95821678515622477        5.1044279910882864        677480032.87070310     
   5.9177210812371712E-002   285.11309286669484        3.5558422645500185       0.83488255268815370        4.3907248172381728        632943984.07791138     
   5.9916925947526359E-002   298.00113583133424        3.7165779481351580       0.75408624148515080        4.4706641896203090        601411907.93791378     
   6.0656641082681012E-002   309.31857754610536        3.8577255789624108        1.0437744983137622        4.9015000772761734        703450665.77305222     
   6.1396356217835658E-002   301.42192818662795        3.7592410118089479       0.78535967531783824        4.5446006871267857        613642090.64252734     
   6.2136071352990312E-002   306.66305947990816        3.8246067794042471       0.86132199945236232        4.6859287788566091        640991607.66541541     
   6.2875786488144958E-002   268.35062362895820        3.3467859354475471       0.86785372777635894        4.2146396632239060        644655209.89849067     
   6.3615501623299611E-002   312.77162853438682        3.9007909623242276       0.94670609615280166        4.8474970584770292        672121930.38969183     
   6.4355216758454251E-002   296.24054578696780        3.6946204139252812       0.87465995508053795        4.5692803690058188        646591294.75330901     
   6.5094931893608904E-002   286.50124018551588        3.5731548083411715       0.78297452848443205        4.3561293368256040        613145330.21857238     
   6.5834647028763557E-002   312.01285957109343        3.8913278306189119       0.88015602313720198        4.7714838537561137        646965980.65990949     
   6.6574362163918210E-002   287.63545653193233        3.5873004036247136       0.91235194420118093        4.4996523478258945        658337446.67458403     
   6.7314077299072850E-002   282.48358613698895        3.5230478703312360       0.82824086799486285        4.3512887383260992        629030444.67065477     
   6.8053792434227503E-002   306.12030726027666        3.8178377416784124       0.84866186070394556        4.6664996023823582        636802131.49049366     
   6.8793507569382156E-002   299.15537702487387        3.7309732871152304       0.75204336986863007        4.4830166569838603        603108791.30813086     
   6.9533222704536796E-002   291.93169720147557        3.6408817877619311       0.84258660603052882        4.4834683937924602        635652234.12582862     
   7.0272937839691449E-002   293.82695955775887        3.6645189133710088       0.94702616522598349        4.6115450785969925        669805044.32875729     
   7.1012652974846102E-002   289.95399305139915        3.6162164736126932       0.82448767057168715        4.4407041441843802        626115274.79095995     
   7.1752368110000755E-002   316.45386769044489        3.9467147095911210       0.84545388985604197        4.7921685994471632        632969343.36747324     
   7.2492083245155395E-002   297.49328904817492        3.7102442402113414       0.75193687354391381        4.4621811137552552        600580199.18342257     
   7.3231798380310048E-002   278.86233865245117        3.4778847923173637       0.75020542338279450        4.2280902157001581        599771351.14958894     
   7.3971513515464701E-002   309.15701492642506        3.8557106199661249       0.68612126685583574        4.5418318868219609        575105871.58215022     
