  1.752000000000000E-002  0.000000000000000E+000
  5.256000000000000E-002  0.000000000000000E+000
  8.760000000000001E-002  0.000000000000000E+000
  0.122640000000000       0.000000000000000E+000
  0.157680000000000       0.000000000000000E+000
  0.192720000000000       0.000000000000000E+000
  0.227760000000000       0.000000000000000E+000
  0.262800000000000       0.000000000000000E+000
  0.297840000000000       0.000000000000000E+000
  0.332880000000000       0.000000000000000E+000
  0.367920000000000       0.000000000000000E+000
  0.402960000000000       0.000000000000000E+000
  0.438000000000000       0.000000000000000E+000
  0.473040000000000       0.000000000000000E+000
  0.508080000000000       0.000000000000000E+000
  0.543120000000000       0.000000000000000E+000
  0.578160000000000       0.000000000000000E+000
  0.613200000000000       0.000000000000000E+000
  0.648240000000000       0.000000000000000E+000
  0.683280000000000       0.000000000000000E+000
  0.718320000000000       0.000000000000000E+000
  0.753360000000000       0.000000000000000E+000
  0.788400000000000       0.000000000000000E+000
  0.823440000000000       0.000000000000000E+000
  0.858480000000000       0.000000000000000E+000
  0.893520000000000       0.000000000000000E+000
  0.928560000000000       0.000000000000000E+000
  0.963600000000000       0.000000000000000E+000
  0.998640000000000       0.000000000000000E+000
   1.03368000000000       0.000000000000000E+000
   1.06872000000000       0.000000000000000E+000
   1.10376000000000       0.000000000000000E+000
   1.13880000000000       0.000000000000000E+000
   1.17384000000000       0.000000000000000E+000
   1.20888000000000       0.000000000000000E+000
   1.24392000000000       0.000000000000000E+000
   1.27896000000000       0.000000000000000E+000
   1.31400000000000       0.000000000000000E+000
   1.34904000000000       0.000000000000000E+000
   1.38408000000000       0.000000000000000E+000
   1.41912000000000       0.000000000000000E+000
   1.45416000000000       0.000000000000000E+000
   1.48920000000000       0.000000000000000E+000
   1.52424000000000       0.000000000000000E+000
   1.55928000000000       0.000000000000000E+000
   1.59432000000000       0.000000000000000E+000
   1.62936000000000       0.000000000000000E+000
   1.66440000000000       0.000000000000000E+000
   1.69944000000000       0.000000000000000E+000
   1.73448000000000       1.855982068398099E-004
   1.76952000000000       1.497894695494369E-003
   1.80456000000000       8.727475191731079E-003
   1.83960000000000       2.883676362797754E-002
   1.87464000000000       7.423036053494750E-002
   1.90968000000000       0.154465365132248     
   1.94472000000000       0.269444948818900     
   1.97976000000000       0.416636377893393     
   2.01480000000000       0.582994551439168     
   2.04984000000000       0.753721570985196     
   2.08488000000000       0.921187717513446     
   2.11992000000000        1.06389290209337     
   2.15496000000000        1.18928798002586     
   2.19000000000000        1.29412500616065     
   2.22504000000000        1.37140389427003     
   2.26008000000000        1.42686477646288     
   2.29512000000000        1.46624924794550     
   2.33016000000000        1.48979557208277     
   2.36520000000000        1.49082436916634     
   2.40024000000000        1.49285462575623     
   2.43528000000000        1.48829074172630     
   2.47032000000000        1.47012285119662     
   2.50536000000000        1.44982892284149     
   2.54040000000000        1.43068020940539     
   2.57544000000000        1.40060840709137     
   2.61048000000000        1.37929615686902     
   2.64552000000000        1.34881105294438     
   2.68056000000000        1.32523132121519     
   2.71560000000000        1.29701303597932     
   2.75064000000000        1.26742806458780     
   2.78568000000000        1.24606772974929     
   2.82072000000000        1.21790581536450     
   2.85576000000000        1.18974620627984     
   2.89080000000000        1.17036656343147     
   2.92584000000000        1.14718199119054     
   2.96088000000000        1.12586881774150     
   2.99592000000000        1.10755194340643     
   3.03096000000000        1.08588327640437     
   3.06600000000000        1.07042240360865     
   3.10104000000000        1.05472586848603     
   3.13608000000000        1.03836819043738     
   3.17112000000000        1.02558279926461     
   3.20616000000000        1.01150009611394     
   3.24120000000000       0.997310308501840     
   3.27624000000000       0.984253710504151     
   3.31128000000000       0.973803658164666     
   3.34632000000000       0.967091085797686     
   3.38136000000000       0.956170572641758     
   3.41640000000000       0.951931502535255     
   3.45144000000000       0.943185542120665     
   3.48648000000000       0.934050472119778     
   3.52152000000000       0.930803083922914     
   3.55656000000000       0.926649749370338     
   3.59160000000000       0.925170742137726     
   3.62664000000000       0.922048342419472     
   3.66168000000000       0.922204966761899     
   3.69672000000000       0.919037704943068     
   3.73176000000000       0.920705861543754     
   3.76680000000000       0.919389611804702     
   3.80184000000000       0.920663622957692     
   3.83688000000000       0.925920537371301     
   3.87192000000000       0.926684367418552     
   3.90696000000000       0.931597575797545     
   3.94200000000000       0.937908917907925     
   3.97704000000000       0.938824471815373     
   4.01208000000000       0.945495963888533     
   4.04712000000000       0.950933320772942     
   4.08216000000000       0.959191834361661     
   4.11720000000000       0.962382379573944     
   4.15224000000000       0.970152179003161     
   4.18728000000000       0.976493994418145     
   4.22232000000000       0.981044772131623     
   4.25736000000000       0.989053974719174     
   4.29240000000000       0.993679282339086     
   4.32744000000000        1.00166932417769     
   4.36248000000000        1.00438525656058     
   4.39752000000000        1.01079011852882     
   4.43256000000000        1.01372879893072     
   4.46760000000000        1.01942997199419     
   4.50264000000000        1.01959866359676     
   4.53768000000000        1.02326016104942     
   4.57272000000000        1.02460387262585     
   4.60776000000000        1.02749731960193     
   4.64280000000000        1.03012550365786     
   4.67784000000000        1.03069908380320     
   4.71288000000000        1.03494409451734     
   4.74792000000000        1.03253542383740     
   4.78296000000000        1.03298321314737     
   4.81800000000000        1.03690009485869     
   4.85304000000000        1.03335550187437     
   4.88808000000000        1.03348688985565     
   4.92312000000000        1.03232743124196     
   4.95816000000000        1.03299397758238     
   4.99320000000000        1.03197081539552     
   5.02824000000000        1.03058091388263     
   5.06328000000000        1.02725360043130     
   5.09832000000000        1.02660746072105     
   5.13336000000000        1.02615175430596     
   5.16840000000000        1.02390253955752     
   5.20344000000000        1.02063384672876     
   5.23848000000000        1.02069517109022     
   5.27352000000000        1.01842904476321     
   5.30856000000000        1.01505672128759     
   5.34360000000000        1.01344052856656     
   5.37864000000000        1.01614315447844     
   5.41368000000000        1.01119130618402     
   5.44872000000000        1.01209162086855     
   5.48376000000000        1.00771008807854     
   5.51880000000000        1.00850490251889     
   5.55384000000000        1.00567629522757     
   5.58888000000000        1.00689836517087     
   5.62392000000000        1.00359271232691     
   5.65896000000000        1.00259087264887     
   5.69400000000000        1.00296791717054     
   5.72904000000000        1.00246926048023     
   5.76408000000000       0.998690624472615     
   5.79912000000000       0.999193223213103     
   5.83416000000000       0.997866270692044     
   5.86920000000000       0.998982160112891     
   5.90424000000000       0.999311788673271     
   5.93928000000000       0.999510695910122     
   5.97432000000000       0.997029510833767     
   6.00936000000000       0.998179781047954     
   6.04440000000000        1.00064633497555     
   6.07944000000000       0.998500232839893     
   6.11448000000000        1.00013880620939     
   6.14952000000000       0.998237930952781     
   6.18456000000000       0.998838789819108     
   6.21960000000000        1.00072611537585     
   6.25464000000000       0.999327429781520     
   6.28968000000000        1.00095352138338     
   6.32472000000000        1.00111927000638     
   6.35976000000000        1.00158679031383     
   6.39480000000000        1.00102748623468     
   6.42984000000000        1.00449492602087     
   6.46488000000000        1.00248593288821     
   6.49992000000000        1.00500156105091     
   6.53496000000000        1.00472667764924     
   6.57000000000000        1.00444768538450     
   6.60504000000000        1.00444633857899     
   6.64008000000000        1.00341931312472     
   6.67512000000000        1.00635070763747     
   6.71016000000000        1.00703331834333     
   6.74520000000000        1.00589862198559     
   6.78024000000000        1.00699027121015     
   6.81528000000000        1.00625992447702     
   6.85032000000000        1.00564349885107     
   6.88536000000000        1.00831682468549     
   6.92040000000000        1.00867751983533     
   6.95544000000000        1.00824485436037     
   6.99048000000000        1.00834633518434     
   7.02552000000000        1.00816230942685     
   7.06056000000000        1.00686734495012     
   7.09560000000000        1.00929118809373     
   7.13064000000000        1.00859205008998     
   7.16568000000000        1.00769679860307     
   7.20072000000000        1.00809144080126     
   7.23576000000000        1.00900310121798     
   7.27080000000000        1.00939252391926     
   7.30584000000000        1.00887286120316     
   7.34088000000000        1.00858002819185     
   7.37592000000000        1.00871932909427     
   7.41096000000000        1.00835366311527     
   7.44600000000000        1.00874027121008     
   7.48104000000000        1.00802856730340     
   7.51608000000000        1.00778145662695     
   7.55112000000000        1.00749697917882     
   7.58616000000000        1.00755120028530     
   7.62120000000000        1.00652502042377     
   7.65624000000000        1.00737312617451     
   7.69128000000000        1.00734731494294     
   7.72632000000000        1.00765327539651     
   7.76136000000000        1.00734097001871     
   7.79640000000000        1.00506008281704     
   7.83144000000000        1.00700122428787     
   7.86648000000000        1.00704075489958     
   7.90152000000000        1.00585720796773     
   7.93656000000000        1.00532254417674     
   7.97160000000000        1.00617308155461     
   8.00664000000000        1.00652821314858     
   8.04168000000000        1.00538255232440     
   8.07672000000000        1.00471679872858     
   8.11176000000000        1.00491877799020     
   8.14680000000000        1.00485548900317     
   8.18184000000000        1.00559657881006     
   8.21688000000000        1.00524564376961     
   8.25192000000000        1.00466779692807     
   8.28696000000000        1.00519455576773     
   8.32200000000000        1.00585522241815     
   8.35704000000000        1.00572834726309     
   8.39208000000000        1.00418857172499     
   8.42712000000000        1.00584733527948     
   8.46216000000000        1.00566638010389     
   8.49720000000000        1.00477210204652     
   8.53224000000000        1.00587272726288     
   8.56728000000000        1.00452084817445     
   8.60232000000000        1.00477346812417     
   8.63736000000000        1.00567694852134     
   8.67240000000000        1.00561579491050     
   8.70744000000000        1.00315185490577     
   8.74248000000000        1.00362220949508     
   8.77752000000000        1.00491100794468     
   8.81256000000000        1.00550771503829     
   8.84760000000000        1.00363804734621     
   8.88264000000000        1.00448812426691     
   8.91768000000000        1.00465264802347     
   8.95272000000000        1.00485070520665     
   8.98776000000000        1.00466485801964     
   9.02280000000000        1.00473501999054     
   9.05784000000000        1.00531015323186     
   9.09288000000000        1.00450469348637     
   9.12792000000000        1.00480313826581     
   9.16296000000000        1.00558006947520     
   9.19800000000000        1.00413177076158     
   9.23304000000000        1.00529560652981     
   9.26808000000000        1.00486994949739     
   9.30312000000000        1.00495539748705     
   9.33816000000000        1.00521137126621     
   9.37320000000000        1.00598439380540     
   9.40824000000000        1.00608342350207     
   9.44328000000000        1.00579183741797     
   9.47832000000000        1.00626904331602     
   9.51336000000000        1.00521395685322     
   9.54840000000000        1.00562841948996     
   9.58344000000000        1.00588380081005     
   9.61848000000000        1.00619085832979     
   9.65352000000000        1.00561193454623     
   9.68856000000000        1.00458155092241     
   9.72360000000000        1.00624410224324     
   9.75864000000000        1.00561417091329     
   9.79368000000000        1.00525767892063     
   9.82872000000000        1.00506465008599     
   9.86376000000000        1.00505444628913     
   9.89880000000000        1.00566341608185     
   9.93384000000000        1.00458697535037     
   9.96888000000000        1.00618258684205     
   10.0039200000000        1.00538538074201     
   10.0389600000000        1.00529738925773     
   10.0740000000000        1.00543525976564     
   10.1090400000000        1.00527304843198     
   10.1440800000000        1.00444335528235     
   10.1791200000000        1.00530941307662     
   10.2141600000000        1.00544754201338     
   10.2492000000000        1.00459631288828     
   10.2842400000000        1.00457115762991     
   10.3192800000000        1.00515791288786     
   10.3543200000000        1.00429385803990     
   10.3893600000000        1.00464110093975     
   10.4244000000000        1.00558838244889     
   10.4594400000000        1.00489715001615     
   10.4944800000000        1.00501341336345     
