           #Time            Temp             Kin       Potencial           E_tot        Pressure
  0.00000000E+00  0.30464565E+03  0.37994462E+01  0.90205718E+00  0.47015034E+01  0.20538599E+09
  0.73971514E-03  0.30283588E+03  0.37768754E+01  0.87819533E+00  0.46550707E+01  0.20538599E+09
  0.14794303E-02  0.30178869E+03  0.37638151E+01  0.93812380E+00  0.47019389E+01  0.20538599E+09
  0.22191454E-02  0.29865197E+03  0.37246950E+01  0.89601068E+00  0.46207057E+01  0.20538599E+09
  0.29588605E-02  0.30827007E+03  0.38446489E+01  0.90302175E+00  0.47476706E+01  0.20538599E+09
  0.36985757E-02  0.29853759E+03  0.37232685E+01  0.85040308E+00  0.45736715E+01  0.20538599E+09
  0.44382908E-02  0.29191534E+03  0.36406778E+01  0.91328530E+00  0.45539631E+01  0.20538599E+09
  0.51780059E-02  0.29626434E+03  0.36949172E+01  0.92331443E+00  0.46182316E+01  0.20538599E+09
  0.59177211E-02  0.29842550E+03  0.37218704E+01  0.90381570E+00  0.46256861E+01  0.20538599E+09
  0.66574362E-02  0.29968519E+03  0.37375810E+01  0.91651269E+00  0.46540937E+01  0.20538599E+09
  0.73971514E-02  0.29483685E+03  0.36771140E+01  0.92365604E+00  0.46007700E+01  0.20538599E+09
  0.81368665E-02  0.29085654E+03  0.36274727E+01  0.90836861E+00  0.45358413E+01  0.20538599E+09
  0.88765816E-02  0.29287099E+03  0.36525964E+01  0.93118597E+00  0.45837824E+01  0.20538599E+09
  0.96162968E-02  0.30659837E+03  0.38237999E+01  0.88254418E+00  0.47063441E+01  0.20538599E+09
  0.10356012E-01  0.30755347E+03  0.38357117E+01  0.90604912E+00  0.47417609E+01  0.20538599E+09
  0.11095727E-01  0.29687134E+03  0.37024874E+01  0.91393823E+00  0.46164257E+01  0.20538599E+09
  0.11835442E-01  0.30077752E+03  0.37512041E+01  0.92829472E+00  0.46794989E+01  0.20538599E+09
  0.12575157E-01  0.30056067E+03  0.37484997E+01  0.93743358E+00  0.46859332E+01  0.20538599E+09
  0.13314872E-01  0.30023083E+03  0.37443861E+01  0.91793990E+00  0.46623260E+01  0.20538599E+09
  0.14054588E-01  0.29893856E+03  0.37282693E+01  0.89886739E+00  0.46271367E+01  0.20538599E+09
  0.14794303E-01  0.30099958E+03  0.37539736E+01  0.94422374E+00  0.46981973E+01  0.20538599E+09
  0.15534018E-01  0.30849433E+03  0.38474458E+01  0.92355647E+00  0.47710022E+01  0.20538599E+09
  0.16273733E-01  0.30285670E+03  0.37771350E+01  0.88324205E+00  0.46603771E+01  0.20538599E+09
  0.17013448E-01  0.29708068E+03  0.37050983E+01  0.93200533E+00  0.46371036E+01  0.20538599E+09
  0.17753163E-01  0.30338857E+03  0.37837683E+01  0.91803867E+00  0.47018070E+01  0.20538599E+09
  0.18492878E-01  0.29590804E+03  0.36904735E+01  0.93639360E+00  0.46268672E+01  0.20538599E+09
  0.19232594E-01  0.29740211E+03  0.37091071E+01  0.92645259E+00  0.46355597E+01  0.20538599E+09
  0.19972309E-01  0.29592071E+03  0.36906315E+01  0.90147228E+00  0.45921038E+01  0.20538599E+09
  0.20712024E-01  0.30133032E+03  0.37580985E+01  0.91173078E+00  0.46698293E+01  0.20538599E+09
  0.21451739E-01  0.29701588E+03  0.37042901E+01  0.91236083E+00  0.46166509E+01  0.20538599E+09
  0.22191454E-01  0.30518003E+03  0.38061108E+01  0.91067990E+00  0.47167907E+01  0.20538599E+09
  0.22931169E-01  0.30541926E+03  0.38090945E+01  0.90413778E+00  0.47132323E+01  0.20538599E+09
  0.23670884E-01  0.29745169E+03  0.37097254E+01  0.89563241E+00  0.46053578E+01  0.20538599E+09
  0.24410599E-01  0.29656237E+03  0.36986341E+01  0.93951329E+00  0.46381474E+01  0.20538599E+09
  0.25150315E-01  0.30394073E+03  0.37906547E+01  0.91215608E+00  0.47028108E+01  0.20538599E+09
  0.25890030E-01  0.29948652E+03  0.37351032E+01  0.92158915E+00  0.46566923E+01  0.20538599E+09
  0.26629745E-01  0.29975803E+03  0.37384894E+01  0.88852756E+00  0.46270170E+01  0.20538599E+09
  0.27369460E-01  0.30039578E+03  0.37464432E+01  0.88912232E+00  0.46355656E+01  0.20538599E+09
  0.28109175E-01  0.29705057E+03  0.37047228E+01  0.91264902E+00  0.46173718E+01  0.20538599E+09
  0.28848890E-01  0.30315377E+03  0.37808401E+01  0.90998738E+00  0.46908274E+01  0.20538599E+09
  0.29588605E-01  0.29993934E+03  0.37407506E+01  0.88978800E+00  0.46305386E+01  0.20538599E+09
  0.30328321E-01  0.30427452E+03  0.37948176E+01  0.90596249E+00  0.47007801E+01  0.20538599E+09
  0.31068036E-01  0.30023110E+03  0.37443894E+01  0.90685480E+00  0.46512442E+01  0.20538599E+09
  0.31807751E-01  0.30168958E+03  0.37625791E+01  0.90168708E+00  0.46642661E+01  0.20538599E+09
  0.32547466E-01  0.29989955E+03  0.37402544E+01  0.91280737E+00  0.46530618E+01  0.20538599E+09
  0.33287181E-01  0.29720045E+03  0.37065920E+01  0.93994590E+00  0.46465380E+01  0.20538599E+09
  0.34026896E-01  0.30763048E+03  0.38366722E+01  0.92702210E+00  0.47636943E+01  0.20538599E+09
  0.34766611E-01  0.29782578E+03  0.37143910E+01  0.90698887E+00  0.46213799E+01  0.20538599E+09
  0.35506326E-01  0.29955020E+03  0.37358974E+01  0.88868572E+00  0.46245831E+01  0.20538599E+09
  0.36246042E-01  0.30182831E+03  0.37643093E+01  0.91320665E+00  0.46775159E+01  0.20538599E+09
  0.36985757E-01  0.29797563E+03  0.37162599E+01  0.89327310E+00  0.46095330E+01  0.20538599E+09
  0.37725472E-01  0.29926837E+03  0.37323825E+01  0.88534619E+00  0.46177287E+01  0.20538599E+09
  0.38465187E-01  0.29326683E+03  0.36575331E+01  0.88683119E+00  0.45443643E+01  0.20538599E+09
  0.39204902E-01  0.30149960E+03  0.37602097E+01  0.87352309E+00  0.46337328E+01  0.20538599E+09
  0.39944617E-01  0.29708165E+03  0.37051104E+01  0.87901940E+00  0.45841298E+01  0.20538599E+09
  0.40684332E-01  0.29987194E+03  0.37399101E+01  0.88791821E+00  0.46278283E+01  0.20538599E+09
  0.41424048E-01  0.30719687E+03  0.38312643E+01  0.88115294E+00  0.47124172E+01  0.20538599E+09
  0.42163763E-01  0.29879725E+03  0.37265069E+01  0.87176979E+00  0.45982767E+01  0.20538599E+09
  0.42903478E-01  0.30235359E+03  0.37708604E+01  0.90151496E+00  0.46723754E+01  0.20538599E+09
  0.43643193E-01  0.29234336E+03  0.36460159E+01  0.90568160E+00  0.45516975E+01  0.20538599E+09
  0.44382908E-01  0.30079669E+03  0.37514432E+01  0.89803887E+00  0.46494821E+01  0.20538599E+09
  0.45122623E-01  0.30462770E+03  0.37992224E+01  0.89970132E+00  0.46989237E+01  0.20538599E+09
  0.45862338E-01  0.30449038E+03  0.37975098E+01  0.88778676E+00  0.46852966E+01  0.20538599E+09
  0.46602054E-01  0.29851233E+03  0.37229534E+01  0.89200558E+00  0.46149590E+01  0.20538599E+09
  0.47341769E-01  0.29895011E+03  0.37284132E+01  0.88525229E+00  0.46136655E+01  0.20538599E+09
  0.48081484E-01  0.30545431E+03  0.38095317E+01  0.90002362E+00  0.47095553E+01  0.20538599E+09
  0.48821199E-01  0.29838836E+03  0.37214073E+01  0.90820251E+00  0.46296098E+01  0.20538599E+09
  0.49560914E-01  0.29914928E+03  0.37308973E+01  0.87342814E+00  0.46043254E+01  0.20538599E+09
  0.50300629E-01  0.29807401E+03  0.37174868E+01  0.88631604E+00  0.46038028E+01  0.20538599E+09
  0.51040344E-01  0.30264570E+03  0.37745035E+01  0.89698705E+00  0.46714906E+01  0.20538599E+09
  0.51780059E-01  0.29820588E+03  0.37191315E+01  0.88786242E+00  0.46069939E+01  0.20538599E+09
  0.52519775E-01  0.30520790E+03  0.38064585E+01  0.89874110E+00  0.47051996E+01  0.20538599E+09
  0.53259490E-01  0.29601109E+03  0.36917587E+01  0.91617632E+00  0.46079351E+01  0.20538599E+09
  0.53999205E-01  0.30404474E+03  0.37919520E+01  0.92168004E+00  0.47136320E+01  0.20538599E+09
  0.54738920E-01  0.29901422E+03  0.37292129E+01  0.93682589E+00  0.46660388E+01  0.20538599E+09
  0.55478635E-01  0.30232750E+03  0.37705350E+01  0.90426327E+00  0.46747983E+01  0.20538599E+09
  0.56218350E-01  0.30173852E+03  0.37631895E+01  0.89159084E+00  0.46547803E+01  0.20538599E+09
  0.56958065E-01  0.30046991E+03  0.37473677E+01  0.91452070E+00  0.46618884E+01  0.20538599E+09
  0.57697781E-01  0.29943690E+03  0.37344844E+01  0.89637214E+00  0.46308565E+01  0.20538599E+09
  0.58437496E-01  0.29420144E+03  0.36691893E+01  0.90093408E+00  0.45701234E+01  0.20538599E+09
  0.59177211E-01  0.29344753E+03  0.36597868E+01  0.86735383E+00  0.45271406E+01  0.20538599E+09
  0.59916926E-01  0.30050719E+03  0.37478326E+01  0.89896634E+00  0.46467990E+01  0.20538599E+09
  0.60656641E-01  0.29721726E+03  0.37068017E+01  0.90288558E+00  0.46096873E+01  0.20538599E+09
  0.61396356E-01  0.29606149E+03  0.36923872E+01  0.87911055E+00  0.45714978E+01  0.20538599E+09
  0.62136071E-01  0.30549478E+03  0.38100364E+01  0.89248637E+00  0.47025228E+01  0.20538599E+09
  0.62875786E-01  0.29766602E+03  0.37123985E+01  0.91988609E+00  0.46322846E+01  0.20538599E+09
  0.63615502E-01  0.30265273E+03  0.37745912E+01  0.89142867E+00  0.46660199E+01  0.20538599E+09
  0.64355217E-01  0.29670829E+03  0.37004540E+01  0.87776759E+00  0.45782215E+01  0.20538599E+09
  0.65094932E-01  0.30712227E+03  0.38303339E+01  0.88089994E+00  0.47112338E+01  0.20538599E+09
  0.65834647E-01  0.30301490E+03  0.37791081E+01  0.90612111E+00  0.46852292E+01  0.20538599E+09
  0.66574362E-01  0.29972550E+03  0.37380837E+01  0.90356351E+00  0.46416472E+01  0.20538599E+09
  0.67314077E-01  0.30047040E+03  0.37473739E+01  0.90879699E+00  0.46561709E+01  0.20538599E+09
  0.68053792E-01  0.29905082E+03  0.37296693E+01  0.88502819E+00  0.46146975E+01  0.20538599E+09
  0.68793508E-01  0.30102623E+03  0.37543060E+01  0.89624392E+00  0.46505499E+01  0.20538599E+09
  0.69533223E-01  0.29843466E+03  0.37219848E+01  0.91862851E+00  0.46406133E+01  0.20538599E+09
  0.70272938E-01  0.30035227E+03  0.37459006E+01  0.90490582E+00  0.46508064E+01  0.20538599E+09
  0.71012653E-01  0.30229525E+03  0.37701328E+01  0.91840892E+00  0.46885417E+01  0.20538599E+09
  0.71752368E-01  0.29955201E+03  0.37359199E+01  0.89681103E+00  0.46327310E+01  0.20538599E+09
  0.72492083E-01  0.29646902E+03  0.36974698E+01  0.91159039E+00  0.46090602E+01  0.20538599E+09
  0.73231798E-01  0.31048192E+03  0.38722344E+01  0.90356237E+00  0.47757968E+01  0.20538599E+09
  0.73971514E-01  0.30518845E+03  0.38062159E+01  0.89168380E+00  0.46978997E+01  0.20538599E+09
  0.74711229E-01  0.29541616E+03  0.36843389E+01  0.90804272E+00  0.45923816E+01  0.20538599E+09
  0.75450944E-01  0.29577724E+03  0.36888422E+01  0.88024642E+00  0.45690886E+01  0.20538599E+09
  0.76190659E-01  0.30112382E+03  0.37555231E+01  0.88782213E+00  0.46433452E+01  0.20538599E+09
  0.76930374E-01  0.30115272E+03  0.37558836E+01  0.85506173E+00  0.46109453E+01  0.20538599E+09
  0.77670089E-01  0.29993648E+03  0.37407150E+01  0.85777137E+00  0.45984864E+01  0.20538599E+09
  0.78409804E-01  0.29728560E+03  0.37076540E+01  0.81618789E+00  0.45238419E+01  0.20538599E+09
  0.79149519E-01  0.30033579E+03  0.37456950E+01  0.83727810E+00  0.45829731E+01  0.20538599E+09
  0.79889235E-01  0.30477141E+03  0.38010148E+01  0.87047851E+00  0.46714933E+01  0.20538599E+09
  0.80628950E-01  0.30339519E+03  0.37838509E+01  0.87071483E+00  0.46545658E+01  0.20538599E+09
  0.81368665E-01  0.30704997E+03  0.38294322E+01  0.83147375E+00  0.46609060E+01  0.20538599E+09
  0.82108380E-01  0.29658498E+03  0.36989161E+01  0.83802032E+00  0.45369364E+01  0.20538599E+09
  0.82848095E-01  0.30054615E+03  0.37483185E+01  0.85422272E+00  0.46025413E+01  0.20538599E+09
  0.83587810E-01  0.29460930E+03  0.36742761E+01  0.88832797E+00  0.45626040E+01  0.20538599E+09
  0.84327525E-01  0.30217570E+03  0.37686419E+01  0.88347641E+00  0.46521183E+01  0.20538599E+09
  0.85067241E-01  0.30140897E+03  0.37590794E+01  0.86816803E+00  0.46272474E+01  0.20538599E+09
  0.85806956E-01  0.29752307E+03  0.37106156E+01  0.88292964E+00  0.45935453E+01  0.20538599E+09
  0.86546671E-01  0.30000912E+03  0.37416209E+01  0.85947833E+00  0.46010993E+01  0.20538599E+09
  0.87286386E-01  0.30235565E+03  0.37708861E+01  0.85882767E+00  0.46297138E+01  0.20538599E+09
  0.88026101E-01  0.29844584E+03  0.37221242E+01  0.89981820E+00  0.46219424E+01  0.20538599E+09
  0.88765816E-01  0.30634167E+03  0.38205985E+01  0.86942052E+00  0.46900191E+01  0.20538599E+09
  0.89505531E-01  0.29573670E+03  0.36883366E+01  0.88969468E+00  0.45780313E+01  0.20538599E+09
  0.90245246E-01  0.29805870E+03  0.37172958E+01  0.88718802E+00  0.46044838E+01  0.20538599E+09
  0.90984962E-01  0.30213797E+03  0.37681713E+01  0.91633480E+00  0.46845061E+01  0.20538599E+09
  0.91724677E-01  0.29040727E+03  0.36218696E+01  0.91509241E+00  0.45369620E+01  0.20538599E+09
  0.92464392E-01  0.29161639E+03  0.36369494E+01  0.89631468E+00  0.45332641E+01  0.20538599E+09
  0.93204107E-01  0.29354591E+03  0.36610138E+01  0.86861456E+00  0.45296283E+01  0.20538599E+09
  0.93943822E-01  0.29869537E+03  0.37252363E+01  0.83500212E+00  0.45602384E+01  0.20538599E+09
  0.94683537E-01  0.29522043E+03  0.36818979E+01  0.85478843E+00  0.45366863E+01  0.20538599E+09
  0.95423252E-01  0.30169742E+03  0.37626769E+01  0.86460732E+00  0.46272842E+01  0.20538599E+09
  0.96162968E-01  0.30716223E+03  0.38308323E+01  0.88366017E+00  0.47144925E+01  0.20538599E+09
  0.96902683E-01  0.30037213E+03  0.37461483E+01  0.89400684E+00  0.46401551E+01  0.20538599E+09
  0.97642398E-01  0.30502213E+03  0.38041416E+01  0.85267034E+00  0.46568119E+01  0.20538599E+09
  0.98382113E-01  0.29791214E+03  0.37154680E+01  0.86574418E+00  0.45812122E+01  0.20538599E+09
  0.99121828E-01  0.30646339E+03  0.38221166E+01  0.83864457E+00  0.46607611E+01  0.20538599E+09
  0.99861543E-01  0.30377469E+03  0.37885839E+01  0.82361999E+00  0.46122039E+01  0.20538599E+09
  0.10060126E+00  0.29367357E+03  0.36626059E+01  0.89321800E+00  0.45558239E+01  0.20538599E+09
  0.10134097E+00  0.29772221E+03  0.37130993E+01  0.83482893E+00  0.45479282E+01  0.20538599E+09
  0.10208069E+00  0.30018601E+03  0.37438270E+01  0.85000505E+00  0.45938320E+01  0.20538599E+09
  0.10282040E+00  0.30058975E+03  0.37488623E+01  0.86863365E+00  0.46174960E+01  0.20538599E+09
  0.10356012E+00  0.30931173E+03  0.38576401E+01  0.87757667E+00  0.47352168E+01  0.20538599E+09
  0.10429983E+00  0.30040095E+03  0.37465076E+01  0.90444915E+00  0.46509568E+01  0.20538599E+09
  0.10503955E+00  0.30050513E+03  0.37478070E+01  0.87884922E+00  0.46266562E+01  0.20538599E+09
  0.10577926E+00  0.30264431E+03  0.37744862E+01  0.86483766E+00  0.46393238E+01  0.20538599E+09
  0.10651898E+00  0.29509514E+03  0.36803352E+01  0.89000272E+00  0.45703380E+01  0.20538599E+09
  0.10725869E+00  0.29475407E+03  0.36760815E+01  0.85256302E+00  0.45286445E+01  0.20538599E+09
  0.10799841E+00  0.29825319E+03  0.37197215E+01  0.87957882E+00  0.45993003E+01  0.20538599E+09
  0.10873812E+00  0.29741280E+03  0.37092405E+01  0.90546381E+00  0.46147043E+01  0.20538599E+09
  0.10947784E+00  0.30178097E+03  0.37637189E+01  0.88653700E+00  0.46502559E+01  0.20538599E+09
  0.11021756E+00  0.29941728E+03  0.37342397E+01  0.89689981E+00  0.46311395E+01  0.20538599E+09
  0.11095727E+00  0.29390668E+03  0.36655132E+01  0.87923952E+00  0.45447527E+01  0.20538599E+09
  0.11169699E+00  0.29378029E+03  0.36639369E+01  0.88172581E+00  0.45456627E+01  0.20538599E+09
  0.11243670E+00  0.30390282E+03  0.37901820E+01  0.85274495E+00  0.46429269E+01  0.20538599E+09
  0.11317642E+00  0.30757169E+03  0.38359389E+01  0.90209987E+00  0.47380388E+01  0.20538599E+09
  0.11391613E+00  0.29591723E+03  0.36905881E+01  0.89297196E+00  0.45835600E+01  0.20538599E+09
  0.11465585E+00  0.29510076E+03  0.36804053E+01  0.86752283E+00  0.45479282E+01  0.20538599E+09
  0.11539556E+00  0.30590468E+03  0.38151486E+01  0.88486340E+00  0.47000120E+01  0.20538599E+09
  0.11613528E+00  0.30073117E+03  0.37506261E+01  0.89149970E+00  0.46421258E+01  0.20538599E+09
  0.11687499E+00  0.29957205E+03  0.37361699E+01  0.88390993E+00  0.46200798E+01  0.20538599E+09
  0.11761471E+00  0.29874271E+03  0.37258266E+01  0.84921655E+00  0.45750432E+01  0.20538599E+09
  0.11835442E+00  0.29538672E+03  0.36839717E+01  0.86922014E+00  0.45531919E+01  0.20538599E+09
  0.11909414E+00  0.30321893E+03  0.37816527E+01  0.86283478E+00  0.46444875E+01  0.20538599E+09
  0.11983385E+00  0.29413745E+03  0.36683912E+01  0.86162608E+00  0.45300173E+01  0.20538599E+09
  0.12057357E+00  0.29647884E+03  0.36975924E+01  0.89056935E+00  0.45881617E+01  0.20538599E+09
  0.12131328E+00  0.30569034E+03  0.38124753E+01  0.91989777E+00  0.47323731E+01  0.20538599E+09
  0.12205300E+00  0.29696442E+03  0.37036483E+01  0.87880299E+00  0.45824513E+01  0.20538599E+09
  0.12279271E+00  0.30294342E+03  0.37782166E+01  0.89654928E+00  0.46747659E+01  0.20538599E+09
  0.12353243E+00  0.30284186E+03  0.37769499E+01  0.89075765E+00  0.46677076E+01  0.20538599E+09
  0.12427214E+00  0.30930344E+03  0.38575368E+01  0.91054826E+00  0.47680851E+01  0.20538599E+09
  0.12501186E+00  0.30027480E+03  0.37449344E+01  0.88128997E+00  0.46262243E+01  0.20538599E+09
  0.12575157E+00  0.29492008E+03  0.36781520E+01  0.87027272E+00  0.45484248E+01  0.20538599E+09
  0.12649129E+00  0.29751559E+03  0.37105224E+01  0.85537644E+00  0.45658989E+01  0.20538599E+09
  0.12723100E+00  0.30009196E+03  0.37426540E+01  0.84897851E+00  0.45916325E+01  0.20538599E+09
  0.12797072E+00  0.29877569E+03  0.37262379E+01  0.88607612E+00  0.46123141E+01  0.20538599E+09
  0.12871043E+00  0.30044371E+03  0.37470409E+01  0.85986676E+00  0.46069077E+01  0.20538599E+09
  0.12945015E+00  0.29709718E+03  0.37053041E+01  0.82484640E+00  0.45301505E+01  0.20538599E+09
  0.13018986E+00  0.29820979E+03  0.37191802E+01  0.89145881E+00  0.46106390E+01  0.20538599E+09
  0.13092958E+00  0.28365471E+03  0.35376538E+01  0.86242209E+00  0.44000759E+01  0.20538599E+09
  0.13166929E+00  0.30452588E+03  0.37979525E+01  0.86638762E+00  0.46643401E+01  0.20538599E+09
  0.13240901E+00  0.30270437E+03  0.37752352E+01  0.88456836E+00  0.46598035E+01  0.20538599E+09
  0.13314872E+00  0.29451534E+03  0.36731042E+01  0.84606005E+00  0.45191642E+01  0.20538599E+09
  0.13388844E+00  0.30005877E+03  0.37422401E+01  0.86010640E+00  0.46023465E+01  0.20538599E+09
  0.13462815E+00  0.29771967E+03  0.37130675E+01  0.83937875E+00  0.45524463E+01  0.20538599E+09
  0.13536787E+00  0.30372991E+03  0.37880255E+01  0.87389741E+00  0.46619229E+01  0.20538599E+09
  0.13610758E+00  0.29848695E+03  0.37226369E+01  0.85841620E+00  0.45810531E+01  0.20538599E+09
  0.13684730E+00  0.29496046E+03  0.36786555E+01  0.84551245E+00  0.45241680E+01  0.20538599E+09
  0.13758702E+00  0.30570345E+03  0.38126388E+01  0.84373868E+00  0.46563775E+01  0.20538599E+09
  0.13832673E+00  0.30118914E+03  0.37563378E+01  0.84830782E+00  0.46046456E+01  0.20538599E+09
  0.13906645E+00  0.29671720E+03  0.37005651E+01  0.83928720E+00  0.45398523E+01  0.20538599E+09
  0.13980616E+00  0.30098039E+03  0.37537343E+01  0.84751938E+00  0.46012536E+01  0.20538599E+09
  0.14054588E+00  0.29913827E+03  0.37307599E+01  0.84690529E+00  0.45776652E+01  0.20538599E+09
  0.14128559E+00  0.30647892E+03  0.38223102E+01  0.87019846E+00  0.46925087E+01  0.20538599E+09
  0.14202531E+00  0.30335951E+03  0.37834060E+01  0.86980153E+00  0.46532075E+01  0.20538599E+09
  0.14276502E+00  0.30328566E+03  0.37824849E+01  0.84575883E+00  0.46282438E+01  0.20538599E+09
  0.14350474E+00  0.29831038E+03  0.37204347E+01  0.87329220E+00  0.45937269E+01  0.20538599E+09
  0.14424445E+00  0.29538373E+03  0.36839345E+01  0.86565621E+00  0.45495907E+01  0.20538599E+09
  0.14498417E+00  0.30165991E+03  0.37622091E+01  0.86655265E+00  0.46287617E+01  0.20538599E+09
  0.14572388E+00  0.29755763E+03  0.37110467E+01  0.85917118E+00  0.45702178E+01  0.20538599E+09
  0.14646360E+00  0.30211695E+03  0.37679090E+01  0.89494363E+00  0.46628527E+01  0.20538599E+09
  0.14720331E+00  0.30278655E+03  0.37762601E+01  0.84587901E+00  0.46221392E+01  0.20538599E+09
  0.14794303E+00  0.29575938E+03  0.36886194E+01  0.81931186E+00  0.45079313E+01  0.20538599E+09
  0.14868274E+00  0.29606972E+03  0.36924899E+01  0.81211180E+00  0.45046017E+01  0.20538599E+09
  0.14942246E+00  0.30003059E+03  0.37418886E+01  0.83973383E+00  0.45816224E+01  0.20538599E+09
  0.15016217E+00  0.29706857E+03  0.37049473E+01  0.81812342E+00  0.45230707E+01  0.20538599E+09
  0.15090189E+00  0.30635339E+03  0.38207446E+01  0.83701086E+00  0.46577555E+01  0.20538599E+09
  0.15164160E+00  0.30115650E+03  0.37559306E+01  0.87594074E+00  0.46318714E+01  0.20538599E+09
  0.15238132E+00  0.30367405E+03  0.37873288E+01  0.84523204E+00  0.46325608E+01  0.20538599E+09
  0.15312103E+00  0.30161858E+03  0.37616936E+01  0.85248580E+00  0.46141794E+01  0.20538599E+09
  0.15386075E+00  0.30316012E+03  0.37809192E+01  0.87978626E+00  0.46607055E+01  0.20538599E+09
  0.15460046E+00  0.29811952E+03  0.37180544E+01  0.82634585E+00  0.45444002E+01  0.20538599E+09
  0.15534018E+00  0.30228494E+03  0.37700042E+01  0.86666769E+00  0.46366719E+01  0.20538599E+09
  0.15607989E+00  0.29929365E+03  0.37326978E+01  0.88248062E+00  0.46151784E+01  0.20538599E+09
  0.15681961E+00  0.30317176E+03  0.37810643E+01  0.88061188E+00  0.46616762E+01  0.20538599E+09
  0.15755932E+00  0.29403809E+03  0.36671521E+01  0.86922771E+00  0.45363798E+01  0.20538599E+09
  0.15829904E+00  0.29910414E+03  0.37303343E+01  0.86220374E+00  0.45925381E+01  0.20538599E+09
  0.15903875E+00  0.30355558E+03  0.37858513E+01  0.86331798E+00  0.46491693E+01  0.20538599E+09
  0.15977847E+00  0.29391522E+03  0.36656196E+01  0.89567351E+00  0.45612931E+01  0.20538599E+09
  0.16051818E+00  0.29768928E+03  0.37126886E+01  0.88391836E+00  0.45966070E+01  0.20538599E+09
  0.16125790E+00  0.30039423E+03  0.37464239E+01  0.88810574E+00  0.46345296E+01  0.20538599E+09
  0.16199761E+00  0.30539592E+03  0.38088034E+01  0.87791494E+00  0.46867183E+01  0.20538599E+09
  0.16273733E+00  0.30768658E+03  0.38373718E+01  0.86401816E+00  0.47013899E+01  0.20538599E+09
  0.16347704E+00  0.29447941E+03  0.36726560E+01  0.86771780E+00  0.45403738E+01  0.20538599E+09
  0.16421676E+00  0.30033026E+03  0.37456261E+01  0.87550723E+00  0.46211333E+01  0.20538599E+09
  0.16495648E+00  0.29228216E+03  0.36452527E+01  0.86026140E+00  0.45055141E+01  0.20538599E+09
  0.16569619E+00  0.30870782E+03  0.38501083E+01  0.85474146E+00  0.47048498E+01  0.20538599E+09
  0.16643591E+00  0.30054651E+03  0.37483230E+01  0.85219596E+00  0.46005190E+01  0.20538599E+09
  0.16717562E+00  0.30383511E+03  0.37893374E+01  0.83458245E+00  0.46239199E+01  0.20538599E+09
  0.16791534E+00  0.29466116E+03  0.36749228E+01  0.86291022E+00  0.45378330E+01  0.20538599E+09
  0.16865505E+00  0.30366308E+03  0.37871919E+01  0.84363477E+00  0.46308267E+01  0.20538599E+09
  0.16939477E+00  0.29386269E+03  0.36649645E+01  0.87104034E+00  0.45360049E+01  0.20538599E+09
  0.17013448E+00  0.28974911E+03  0.36136612E+01  0.85956021E+00  0.44732214E+01  0.20538599E+09
  0.17087420E+00  0.29328170E+03  0.36577185E+01  0.84852397E+00  0.45062425E+01  0.20538599E+09
  0.17161391E+00  0.29749570E+03  0.37102743E+01  0.84700008E+00  0.45572744E+01  0.20538599E+09
  0.17235363E+00  0.29851197E+03  0.37229489E+01  0.86418591E+00  0.45871349E+01  0.20538599E+09
  0.17309334E+00  0.30401649E+03  0.37915995E+01  0.86386702E+00  0.46554666E+01  0.20538599E+09
  0.17383306E+00  0.30119953E+03  0.37564674E+01  0.88192762E+00  0.46383950E+01  0.20538599E+09
  0.17457277E+00  0.30448669E+03  0.37974638E+01  0.85416692E+00  0.46516307E+01  0.20538599E+09
  0.17531249E+00  0.29873174E+03  0.37256898E+01  0.84430904E+00  0.45699989E+01  0.20538599E+09
  0.17605220E+00  0.29995258E+03  0.37409158E+01  0.83413333E+00  0.45750491E+01  0.20538599E+09
  0.17679192E+00  0.29894111E+03  0.37283010E+01  0.84462237E+00  0.45729234E+01  0.20538599E+09
  0.17753163E+00  0.29949505E+03  0.37352096E+01  0.85873706E+00  0.45939466E+01  0.20538599E+09
  0.17827135E+00  0.29231122E+03  0.36456151E+01  0.85421968E+00  0.44998348E+01  0.20538599E+09
  0.17901106E+00  0.30832293E+03  0.38453082E+01  0.83738911E+00  0.46826973E+01  0.20538599E+09
  0.17975078E+00  0.30221678E+03  0.37691541E+01  0.89505805E+00  0.46642122E+01  0.20538599E+09
  0.18049049E+00  0.30051786E+03  0.37479658E+01  0.89882158E+00  0.46467874E+01  0.20538599E+09
  0.18123021E+00  0.30094023E+03  0.37532334E+01  0.85750958E+00  0.46107429E+01  0.20538599E+09
  0.18196992E+00  0.30187826E+03  0.37649322E+01  0.82040458E+00  0.45853368E+01  0.20538599E+09
  0.18270964E+00  0.30091793E+03  0.37529553E+01  0.83705264E+00  0.45900079E+01  0.20538599E+09
  0.18344935E+00  0.29747811E+03  0.37100550E+01  0.81834806E+00  0.45284030E+01  0.20538599E+09
  0.18418907E+00  0.29902771E+03  0.37293811E+01  0.83153129E+00  0.45609124E+01  0.20538599E+09
  0.18492878E+00  0.29621206E+03  0.36942651E+01  0.86109203E+00  0.45553571E+01  0.20538599E+09
  0.18566850E+00  0.29591257E+03  0.36905300E+01  0.88685661E+00  0.45773866E+01  0.20538599E+09
  0.18640821E+00  0.30397018E+03  0.37910220E+01  0.88295786E+00  0.46739798E+01  0.20538599E+09
  0.18714793E+00  0.29792481E+03  0.37156260E+01  0.88290834E+00  0.45985343E+01  0.20538599E+09
  0.18788764E+00  0.30556960E+03  0.38109695E+01  0.84905345E+00  0.46600229E+01  0.20538599E+09
  0.18862736E+00  0.29799289E+03  0.37164751E+01  0.83450613E+00  0.45509813E+01  0.20538599E+09
  0.18936707E+00  0.30508199E+03  0.38048881E+01  0.87619432E+00  0.46810825E+01  0.20538599E+09
  0.19010679E+00  0.30213603E+03  0.37681470E+01  0.84652227E+00  0.46146693E+01  0.20538599E+09
  0.19084650E+00  0.29792232E+03  0.37155949E+01  0.84913667E+00  0.45647316E+01  0.20538599E+09
  0.19158622E+00  0.30566440E+03  0.38121518E+01  0.88623214E+00  0.46983840E+01  0.20538599E+09
  0.19232594E+00  0.29431295E+03  0.36705801E+01  0.88296384E+00  0.45535439E+01  0.20538599E+09
  0.19306565E+00  0.29581273E+03  0.36892849E+01  0.88718670E+00  0.45764716E+01  0.20538599E+09
  0.19380537E+00  0.30120720E+03  0.37565630E+01  0.89148433E+00  0.46480473E+01  0.20538599E+09
  0.19454508E+00  0.29667593E+03  0.37000504E+01  0.87666398E+00  0.45767144E+01  0.20538599E+09
  0.19528480E+00  0.29654781E+03  0.36984526E+01  0.85581020E+00  0.45542628E+01  0.20538599E+09
  0.19602451E+00  0.29869534E+03  0.37252358E+01  0.83289379E+00  0.45581296E+01  0.20538599E+09
  0.19676423E+00  0.30093534E+03  0.37531724E+01  0.82550131E+00  0.45786737E+01  0.20538599E+09
  0.19750394E+00  0.29931323E+03  0.37329420E+01  0.87696340E+00  0.46099054E+01  0.20538599E+09
  0.19824366E+00  0.30451679E+03  0.37978392E+01  0.85316361E+00  0.46510028E+01  0.20538599E+09
  0.19898337E+00  0.30653681E+03  0.38230322E+01  0.85843799E+00  0.46814702E+01  0.20538599E+09
  0.19972309E+00  0.30562397E+03  0.38116476E+01  0.85542033E+00  0.46670679E+01  0.20538599E+09
  0.20046280E+00  0.30003705E+03  0.37419692E+01  0.89647890E+00  0.46384481E+01  0.20538599E+09
  0.20120252E+00  0.29405980E+03  0.36674228E+01  0.86144168E+00  0.45288645E+01  0.20538599E+09
  0.20194223E+00  0.29823567E+03  0.37195030E+01  0.84502820E+00  0.45645312E+01  0.20538599E+09
  0.20268195E+00  0.30550460E+03  0.38101588E+01  0.84720847E+00  0.46573673E+01  0.20538599E+09
  0.20342166E+00  0.29554184E+03  0.36859064E+01  0.85830318E+00  0.45442096E+01  0.20538599E+09
  0.20416138E+00  0.30314207E+03  0.37806941E+01  0.85389710E+00  0.46345913E+01  0.20538599E+09
  0.20490109E+00  0.29824578E+03  0.37196290E+01  0.88294059E+00  0.46025696E+01  0.20538599E+09
  0.20564081E+00  0.30574480E+03  0.38131545E+01  0.87870777E+00  0.46918623E+01  0.20538599E+09
  0.20638052E+00  0.30544083E+03  0.38093636E+01  0.86619417E+00  0.46755577E+01  0.20538599E+09
  0.20712024E+00  0.29805742E+03  0.37172799E+01  0.87883052E+00  0.45961105E+01  0.20538599E+09
  0.20785995E+00  0.29643728E+03  0.36970740E+01  0.87492938E+00  0.45720034E+01  0.20538599E+09
  0.20859967E+00  0.30387705E+03  0.37898605E+01  0.85738701E+00  0.46472475E+01  0.20538599E+09
  0.20933938E+00  0.30283991E+03  0.37769257E+01  0.86546552E+00  0.46423912E+01  0.20538599E+09
  0.21007910E+00  0.29369235E+03  0.36628401E+01  0.87042976E+00  0.45332698E+01  0.20538599E+09
  0.21081881E+00  0.30212484E+03  0.37680076E+01  0.89318940E+00  0.46611969E+01  0.20538599E+09
  0.21155853E+00  0.31030182E+03  0.38699882E+01  0.90396901E+00  0.47739572E+01  0.20538599E+09
  0.21229824E+00  0.30020750E+03  0.37440950E+01  0.89079874E+00  0.46348937E+01  0.20538599E+09
  0.21303796E+00  0.29636233E+03  0.36961392E+01  0.92623311E+00  0.46223723E+01  0.20538599E+09
  0.21377767E+00  0.29221224E+03  0.36443806E+01  0.86065992E+00  0.45050405E+01  0.20538599E+09
  0.21451739E+00  0.29982452E+03  0.37393186E+01  0.86112740E+00  0.46004460E+01  0.20538599E+09
  0.21525710E+00  0.30126703E+03  0.37573091E+01  0.87342411E+00  0.46307333E+01  0.20538599E+09
  0.21599682E+00  0.30160405E+03  0.37615123E+01  0.86842543E+00  0.46299378E+01  0.20538599E+09
  0.21673653E+00  0.30044532E+03  0.37470611E+01  0.86368530E+00  0.46107464E+01  0.20538599E+09
  0.21747625E+00  0.29746027E+03  0.37098325E+01  0.84720573E+00  0.45570382E+01  0.20538599E+09
  0.21821596E+00  0.29669846E+03  0.37003314E+01  0.85866373E+00  0.45589951E+01  0.20538599E+09
  0.21895568E+00  0.29961322E+03  0.37366834E+01  0.83375573E+00  0.45704391E+01  0.20538599E+09
  0.21969540E+00  0.30531947E+03  0.38078499E+01  0.79293065E+00  0.46007805E+01  0.20538599E+09
  0.22043511E+00  0.29185470E+03  0.36399215E+01  0.86373874E+00  0.45036602E+01  0.20538599E+09
  0.22117483E+00  0.30040840E+03  0.37466006E+01  0.85896225E+00  0.46055628E+01  0.20538599E+09
  0.22191454E+00  0.30269695E+03  0.37751426E+01  0.88823819E+00  0.46633808E+01  0.20538599E+09
  0.22265426E+00  0.29918433E+03  0.37313344E+01  0.85388765E+00  0.45852220E+01  0.20538599E+09
  0.22339397E+00  0.30063373E+03  0.37494108E+01  0.85887113E+00  0.46082819E+01  0.20538599E+09
  0.22413369E+00  0.31074140E+03  0.38754706E+01  0.87890081E+00  0.47543714E+01  0.20538599E+09
  0.22487340E+00  0.30033767E+03  0.37457185E+01  0.85771746E+00  0.46034360E+01  0.20538599E+09
  0.22561312E+00  0.29766222E+03  0.37123510E+01  0.85309564E+00  0.45654467E+01  0.20538599E+09
  0.22635283E+00  0.30163794E+03  0.37619351E+01  0.85834598E+00  0.46202810E+01  0.20538599E+09
  0.22709255E+00  0.30186732E+03  0.37647958E+01  0.83172659E+00  0.45965224E+01  0.20538599E+09
  0.22783226E+00  0.30335229E+03  0.37833159E+01  0.85736088E+00  0.46406768E+01  0.20538599E+09
  0.22857198E+00  0.30295776E+03  0.37783954E+01  0.83141800E+00  0.46098134E+01  0.20538599E+09
  0.22931169E+00  0.29805785E+03  0.37172853E+01  0.85811246E+00  0.45753978E+01  0.20538599E+09
  0.23005141E+00  0.30191809E+03  0.37654290E+01  0.79971359E+00  0.45651426E+01  0.20538599E+09
  0.23079112E+00  0.29585351E+03  0.36897934E+01  0.84295998E+00  0.45327534E+01  0.20538599E+09
  0.23153084E+00  0.29473936E+03  0.36758981E+01  0.82909044E+00  0.45049885E+01  0.20538599E+09
  0.23227055E+00  0.29636595E+03  0.36961844E+01  0.83203867E+00  0.45282231E+01  0.20538599E+09
  0.23301027E+00  0.29616778E+03  0.36937129E+01  0.85905205E+00  0.45527649E+01  0.20538599E+09
  0.23374998E+00  0.30024224E+03  0.37445283E+01  0.83314801E+00  0.45776763E+01  0.20538599E+09
  0.23448970E+00  0.29416549E+03  0.36687409E+01  0.82161164E+00  0.44903525E+01  0.20538599E+09
  0.23522941E+00  0.29632363E+03  0.36956567E+01  0.83845724E+00  0.45341139E+01  0.20538599E+09
  0.23596913E+00  0.29991718E+03  0.37404743E+01  0.86191126E+00  0.46023855E+01  0.20538599E+09
  0.23670884E+00  0.30359298E+03  0.37863177E+01  0.84749092E+00  0.46338086E+01  0.20538599E+09
  0.23744856E+00  0.30478497E+03  0.38011838E+01  0.85355689E+00  0.46547407E+01  0.20538599E+09
  0.23818827E+00  0.30055831E+03  0.37484703E+01  0.87016189E+00  0.46186322E+01  0.20538599E+09
  0.23892799E+00  0.29974108E+03  0.37382780E+01  0.82659387E+00  0.45648719E+01  0.20538599E+09
  0.23966770E+00  0.30116610E+03  0.37560504E+01  0.83558557E+00  0.45916360E+01  0.20538599E+09
  0.24040742E+00  0.29985211E+03  0.37396627E+01  0.82378672E+00  0.45634494E+01  0.20538599E+09
  0.24114713E+00  0.29704657E+03  0.37046729E+01  0.84836272E+00  0.45530356E+01  0.20538599E+09
  0.24188685E+00  0.29939966E+03  0.37340199E+01  0.86362518E+00  0.45976451E+01  0.20538599E+09
  0.24262656E+00  0.29311654E+03  0.36556587E+01  0.83454230E+00  0.44902010E+01  0.20538599E+09
  0.24336628E+00  0.29552301E+03  0.36856715E+01  0.85487408E+00  0.45405456E+01  0.20538599E+09
  0.24410599E+00  0.30334991E+03  0.37832862E+01  0.83039826E+00  0.46136844E+01  0.20538599E+09
  0.24484571E+00  0.30501719E+03  0.38040800E+01  0.85963611E+00  0.46637161E+01  0.20538599E+09
  0.24558542E+00  0.30715571E+03  0.38307510E+01  0.87137763E+00  0.47021287E+01  0.20538599E+09
  0.24632514E+00  0.30594018E+03  0.38155913E+01  0.86180180E+00  0.46773931E+01  0.20538599E+09
  0.24706486E+00  0.30063501E+03  0.37494268E+01  0.87194594E+00  0.46213727E+01  0.20538599E+09
  0.24780457E+00  0.29997337E+03  0.37411750E+01  0.83280848E+00  0.45739835E+01  0.20538599E+09
  0.24854429E+00  0.30658035E+03  0.38235752E+01  0.83946031E+00  0.46630356E+01  0.20538599E+09
  0.24928400E+00  0.29571004E+03  0.36880041E+01  0.83819899E+00  0.45262031E+01  0.20538599E+09
  0.25002372E+00  0.29487258E+03  0.36775596E+01  0.85854547E+00  0.45361050E+01  0.20538599E+09
  0.25076343E+00  0.30092173E+03  0.37530027E+01  0.85109390E+00  0.46040966E+01  0.20538599E+09
  0.25150315E+00  0.29716003E+03  0.37060880E+01  0.81870790E+00  0.45247959E+01  0.20538599E+09
  0.25224286E+00  0.29636716E+03  0.36961995E+01  0.84876270E+00  0.45449622E+01  0.20538599E+09
  0.25298258E+00  0.29700191E+03  0.37041159E+01  0.82877622E+00  0.45328921E+01  0.20538599E+09
  0.25372229E+00  0.30224484E+03  0.37695041E+01  0.84286481E+00  0.46123689E+01  0.20538599E+09
  0.25446201E+00  0.30297270E+03  0.37785818E+01  0.86419482E+00  0.46427766E+01  0.20538599E+09
  0.25520172E+00  0.30085412E+03  0.37521595E+01  0.87445541E+00  0.46266149E+01  0.20538599E+09
  0.25594144E+00  0.29864613E+03  0.37246222E+01  0.79911632E+00  0.45237385E+01  0.20538599E+09
  0.25668115E+00  0.30249636E+03  0.37726410E+01  0.84342855E+00  0.46160696E+01  0.20538599E+09
  0.25742087E+00  0.28593281E+03  0.35660655E+01  0.86037934E+00  0.44264449E+01  0.20538599E+09
  0.25816058E+00  0.30152026E+03  0.37604674E+01  0.80512747E+00  0.45655949E+01  0.20538599E+09
  0.25890030E+00  0.29837586E+03  0.37212514E+01  0.80215132E+00  0.45234027E+01  0.20538599E+09
  0.25964001E+00  0.30130158E+03  0.37577401E+01  0.83090591E+00  0.45886460E+01  0.20538599E+09
  0.26037973E+00  0.29803393E+03  0.37169869E+01  0.81254884E+00  0.45295357E+01  0.20538599E+09
  0.26111944E+00  0.29490238E+03  0.36779312E+01  0.86828859E+00  0.45462198E+01  0.20538599E+09
  0.26185916E+00  0.29893504E+03  0.37282254E+01  0.84430972E+00  0.45725351E+01  0.20538599E+09
  0.26259887E+00  0.29643047E+03  0.36969890E+01  0.83622787E+00  0.45332169E+01  0.20538599E+09
  0.26333859E+00  0.29999596E+03  0.37414567E+01  0.83705354E+00  0.45785103E+01  0.20538599E+09
  0.26407830E+00  0.30655236E+03  0.38232262E+01  0.81265375E+00  0.46358800E+01  0.20538599E+09
  0.26481802E+00  0.29607229E+03  0.36925220E+01  0.82254516E+00  0.45150671E+01  0.20538599E+09
  0.26555773E+00  0.29674523E+03  0.37009147E+01  0.87302360E+00  0.45739383E+01  0.20538599E+09
  0.26629745E+00  0.29793062E+03  0.37156984E+01  0.85546304E+00  0.45711615E+01  0.20538599E+09
  0.26703716E+00  0.30473836E+03  0.38006025E+01  0.85838110E+00  0.46589836E+01  0.20538599E+09
  0.26777688E+00  0.30381141E+03  0.37890419E+01  0.81388626E+00  0.46029282E+01  0.20538599E+09
  0.26851659E+00  0.29277158E+03  0.36513566E+01  0.87117232E+00  0.45225289E+01  0.20538599E+09
  0.26925631E+00  0.29717183E+03  0.37062351E+01  0.84797627E+00  0.45542113E+01  0.20538599E+09
  0.26999602E+00  0.30510617E+03  0.38051897E+01  0.85938246E+00  0.46645721E+01  0.20538599E+09
  0.27073574E+00  0.30741665E+03  0.38340054E+01  0.87596821E+00  0.47099736E+01  0.20538599E+09
  0.27147545E+00  0.30067571E+03  0.37499344E+01  0.90162807E+00  0.46515625E+01  0.20538599E+09
  0.27221517E+00  0.29517743E+03  0.36813615E+01  0.87244502E+00  0.45538065E+01  0.20538599E+09
  0.27295488E+00  0.30268931E+03  0.37750474E+01  0.84764767E+00  0.46226951E+01  0.20538599E+09
  0.27369460E+00  0.30627546E+03  0.38197727E+01  0.83600723E+00  0.46557799E+01  0.20538599E+09
  0.27443432E+00  0.29010765E+03  0.36181328E+01  0.85886687E+00  0.44769997E+01  0.20538599E+09
  0.27517403E+00  0.30515699E+03  0.38058235E+01  0.89525213E+00  0.47010757E+01  0.20538599E+09
  0.27591375E+00  0.29219210E+03  0.36441294E+01  0.85381732E+00  0.44979467E+01  0.20538599E+09
  0.27665346E+00  0.29825572E+03  0.37197530E+01  0.87398216E+00  0.45937352E+01  0.20538599E+09
  0.27739318E+00  0.29600703E+03  0.36917080E+01  0.84535216E+00  0.45370602E+01  0.20538599E+09
  0.27813289E+00  0.30120272E+03  0.37565071E+01  0.84393167E+00  0.46004388E+01  0.20538599E+09
  0.27887261E+00  0.30203458E+03  0.37668819E+01  0.84184194E+00  0.46087238E+01  0.20538599E+09
  0.27961232E+00  0.29945032E+03  0.37346518E+01  0.80233874E+00  0.45369905E+01  0.20538599E+09
  0.28035204E+00  0.30339623E+03  0.37838639E+01  0.83247011E+00  0.46163340E+01  0.20538599E+09
  0.28109175E+00  0.29215664E+03  0.36436872E+01  0.80742075E+00  0.44511079E+01  0.20538599E+09
  0.28183147E+00  0.29503099E+03  0.36795352E+01  0.80360716E+00  0.44831423E+01  0.20538599E+09
  0.28257118E+00  0.29526541E+03  0.36824589E+01  0.84645661E+00  0.45289155E+01  0.20538599E+09
  0.28331090E+00  0.29743178E+03  0.37094771E+01  0.83209933E+00  0.45415764E+01  0.20538599E+09
  0.28405061E+00  0.30006377E+03  0.37423024E+01  0.82107126E+00  0.45633737E+01  0.20538599E+09
  0.28479033E+00  0.29369702E+03  0.36628983E+01  0.84574098E+00  0.45086393E+01  0.20538599E+09
  0.28553004E+00  0.29472922E+03  0.36757717E+01  0.84645808E+00  0.45222297E+01  0.20538599E+09
  0.28626976E+00  0.29236894E+03  0.36463349E+01  0.87050998E+00  0.45168449E+01  0.20538599E+09
  0.28700947E+00  0.29947697E+03  0.37349841E+01  0.85585862E+00  0.45908427E+01  0.20538599E+09
  0.28774919E+00  0.28947650E+03  0.36102613E+01  0.87655563E+00  0.44868170E+01  0.20538599E+09
  0.28848890E+00  0.30301892E+03  0.37791582E+01  0.86066922E+00  0.46398274E+01  0.20538599E+09
  0.28922862E+00  0.29363157E+03  0.36620820E+01  0.82812623E+00  0.44902083E+01  0.20538599E+09
  0.28996833E+00  0.29344017E+03  0.36596950E+01  0.85033603E+00  0.45100310E+01  0.20538599E+09
  0.29070805E+00  0.29604467E+03  0.36921775E+01  0.87047991E+00  0.45626575E+01  0.20538599E+09
  0.29144776E+00  0.30500297E+03  0.38039027E+01  0.80397854E+00  0.46078812E+01  0.20538599E+09
  0.29218748E+00  0.30550196E+03  0.38101259E+01  0.82271927E+00  0.46328452E+01  0.20538599E+09
  0.29292719E+00  0.30030191E+03  0.37452725E+01  0.84044732E+00  0.45857198E+01  0.20538599E+09
  0.29366691E+00  0.29877611E+03  0.37262432E+01  0.84450613E+00  0.45707493E+01  0.20538599E+09
  0.29440662E+00  0.29889377E+03  0.37277106E+01  0.82827130E+00  0.45559819E+01  0.20538599E+09
  0.29514634E+00  0.30349881E+03  0.37851432E+01  0.82435586E+00  0.46094991E+01  0.20538599E+09
  0.29588605E+00  0.30427887E+03  0.37948719E+01  0.84864931E+00  0.46435212E+01  0.20538599E+09
  0.29662577E+00  0.30191013E+03  0.37653298E+01  0.82802678E+00  0.45933566E+01  0.20538599E+09
  0.29736548E+00  0.30113807E+03  0.37557008E+01  0.82329463E+00  0.45789954E+01  0.20538599E+09
  0.29810520E+00  0.30653982E+03  0.38230698E+01  0.85769535E+00  0.46807651E+01  0.20538599E+09
  0.29884491E+00  0.29793507E+03  0.37157540E+01  0.86814474E+00  0.45838987E+01  0.20538599E+09
  0.29958463E+00  0.29990785E+03  0.37403579E+01  0.83838458E+00  0.45787424E+01  0.20538599E+09
  0.30032434E+00  0.29759882E+03  0.37115604E+01  0.83684994E+00  0.45484103E+01  0.20538599E+09
  0.30106406E+00  0.29729545E+03  0.37077769E+01  0.85937173E+00  0.45671486E+01  0.20538599E+09
  0.30180378E+00  0.30398963E+03  0.37912645E+01  0.85001394E+00  0.46412785E+01  0.20538599E+09
  0.30254349E+00  0.30125721E+03  0.37571867E+01  0.82985799E+00  0.45870447E+01  0.20538599E+09
  0.30328321E+00  0.29984430E+03  0.37395653E+01  0.84034535E+00  0.45799106E+01  0.20538599E+09
  0.30402292E+00  0.29751544E+03  0.37105205E+01  0.82559947E+00  0.45361200E+01  0.20538599E+09
  0.30476264E+00  0.29822255E+03  0.37193393E+01  0.84167419E+00  0.45610135E+01  0.20538599E+09
  0.30550235E+00  0.29700333E+03  0.37041336E+01  0.82200575E+00  0.45261394E+01  0.20538599E+09
  0.30624207E+00  0.29781600E+03  0.37142690E+01  0.84432044E+00  0.45585895E+01  0.20538599E+09
  0.30698178E+00  0.30502893E+03  0.38042265E+01  0.86270961E+00  0.46669361E+01  0.20538599E+09
  0.30772150E+00  0.29504491E+03  0.36797088E+01  0.85349394E+00  0.45332027E+01  0.20538599E+09
  0.30846121E+00  0.30050945E+03  0.37478609E+01  0.82462102E+00  0.45724819E+01  0.20538599E+09
  0.30920093E+00  0.30379851E+03  0.37888809E+01  0.87032982E+00  0.46592108E+01  0.20538599E+09
  0.30994064E+00  0.30561086E+03  0.38114840E+01  0.87839393E+00  0.46898780E+01  0.20538599E+09
  0.31068036E+00  0.30045002E+03  0.37471197E+01  0.84975452E+00  0.45968742E+01  0.20538599E+09
  0.31142007E+00  0.29706468E+03  0.37048987E+01  0.83850797E+00  0.45434067E+01  0.20538599E+09
  0.31215979E+00  0.30145451E+03  0.37596473E+01  0.82595809E+00  0.45856054E+01  0.20538599E+09
  0.31289950E+00  0.29605942E+03  0.36923614E+01  0.83645222E+00  0.45288137E+01  0.20538599E+09
  0.31363922E+00  0.29673541E+03  0.37007922E+01  0.78401574E+00  0.44848080E+01  0.20538599E+09
  0.31437893E+00  0.29616003E+03  0.36936163E+01  0.81582615E+00  0.45094424E+01  0.20538599E+09
  0.31511865E+00  0.29518810E+03  0.36814946E+01  0.82939173E+00  0.45108864E+01  0.20538599E+09
  0.31585836E+00  0.30223539E+03  0.37693863E+01  0.84064775E+00  0.46100340E+01  0.20538599E+09
  0.31659808E+00  0.30104507E+03  0.37545410E+01  0.87602743E+00  0.46305684E+01  0.20538599E+09
  0.31733779E+00  0.30672516E+03  0.38253813E+01  0.82613360E+00  0.46515149E+01  0.20538599E+09
  0.31807751E+00  0.30050195E+03  0.37477673E+01  0.85676192E+00  0.46045293E+01  0.20538599E+09
  0.31881722E+00  0.30002859E+03  0.37418637E+01  0.84306758E+00  0.45849313E+01  0.20538599E+09
  0.31955694E+00  0.30137209E+03  0.37586195E+01  0.85504666E+00  0.46136661E+01  0.20538599E+09
  0.32029665E+00  0.29341166E+03  0.36593394E+01  0.84810183E+00  0.45074412E+01  0.20538599E+09
  0.32103637E+00  0.29447790E+03  0.36726372E+01  0.80859375E+00  0.44812310E+01  0.20538599E+09
  0.32177608E+00  0.29749857E+03  0.37103100E+01  0.86421571E+00  0.45745257E+01  0.20538599E+09
  0.32251580E+00  0.29866089E+03  0.37248062E+01  0.88433176E+00  0.46091379E+01  0.20538599E+09
  0.32325551E+00  0.29980739E+03  0.37391050E+01  0.87893343E+00  0.46180384E+01  0.20538599E+09
  0.32399523E+00  0.30244271E+03  0.37719719E+01  0.86311913E+00  0.46350910E+01  0.20538599E+09
  0.32473494E+00  0.30565854E+03  0.38120787E+01  0.87589171E+00  0.46879705E+01  0.20538599E+09
  0.32547466E+00  0.29224832E+03  0.36448307E+01  0.85685134E+00  0.45016820E+01  0.20538599E+09
  0.32621437E+00  0.30214195E+03  0.37682209E+01  0.86403375E+00  0.46322546E+01  0.20538599E+09
  0.32695409E+00  0.30857917E+03  0.38485040E+01  0.86014524E+00  0.47086492E+01  0.20538599E+09
  0.32769380E+00  0.30367064E+03  0.37872863E+01  0.86942343E+00  0.46567097E+01  0.20538599E+09
  0.32843352E+00  0.29565473E+03  0.36873143E+01  0.87217503E+00  0.45594894E+01  0.20538599E+09
  0.32917324E+00  0.28674725E+03  0.35762230E+01  0.86744648E+00  0.44436694E+01  0.20538599E+09
  0.32991295E+00  0.30331390E+03  0.37828371E+01  0.81686628E+00  0.45997033E+01  0.20538599E+09
  0.33065267E+00  0.29869418E+03  0.37252214E+01  0.85712058E+00  0.45823420E+01  0.20538599E+09
  0.33139238E+00  0.30062963E+03  0.37493598E+01  0.85636584E+00  0.46057256E+01  0.20538599E+09
  0.33213210E+00  0.29637484E+03  0.36962953E+01  0.85501555E+00  0.45513109E+01  0.20538599E+09
  0.33287181E+00  0.30149723E+03  0.37601801E+01  0.86057591E+00  0.46207561E+01  0.20538599E+09
  0.33361153E+00  0.29816335E+03  0.37186010E+01  0.83383144E+00  0.45524325E+01  0.20538599E+09
  0.33435124E+00  0.29725787E+03  0.37073082E+01  0.83833567E+00  0.45456439E+01  0.20538599E+09
  0.33509096E+00  0.29874805E+03  0.37258933E+01  0.85328666E+00  0.45791799E+01  0.20538599E+09
  0.33583067E+00  0.30003603E+03  0.37419565E+01  0.87990734E+00  0.46218639E+01  0.20538599E+09
  0.33657039E+00  0.29688877E+03  0.37027049E+01  0.85126086E+00  0.45539657E+01  0.20538599E+09
  0.33731010E+00  0.29399566E+03  0.36666228E+01  0.86634838E+00  0.45329712E+01  0.20538599E+09
  0.33804982E+00  0.30108387E+03  0.37550249E+01  0.85392157E+00  0.46089465E+01  0.20538599E+09
  0.33878953E+00  0.29748267E+03  0.37101119E+01  0.86503981E+00  0.45751517E+01  0.20538599E+09
  0.33952925E+00  0.29509864E+03  0.36803789E+01  0.84921303E+00  0.45295919E+01  0.20538599E+09
  0.34026896E+00  0.29362411E+03  0.36619891E+01  0.84686314E+00  0.45088522E+01  0.20538599E+09
  0.34100868E+00  0.30342708E+03  0.37842487E+01  0.84487705E+00  0.46291257E+01  0.20538599E+09
  0.34174839E+00  0.30375529E+03  0.37883420E+01  0.84336702E+00  0.46317090E+01  0.20538599E+09
  0.34248811E+00  0.30013380E+03  0.37431758E+01  0.85610664E+00  0.45992825E+01  0.20538599E+09
  0.34322782E+00  0.29886391E+03  0.37273381E+01  0.84698207E+00  0.45743202E+01  0.20538599E+09
  0.34396754E+00  0.30151568E+03  0.37604102E+01  0.83977007E+00  0.46001803E+01  0.20538599E+09
  0.34470725E+00  0.29702768E+03  0.37044373E+01  0.83552659E+00  0.45399639E+01  0.20538599E+09
  0.34544697E+00  0.30302297E+03  0.37792088E+01  0.80040900E+00  0.45796178E+01  0.20538599E+09
  0.34618668E+00  0.29853485E+03  0.37232342E+01  0.81480696E+00  0.45380412E+01  0.20538599E+09
  0.34692640E+00  0.29916403E+03  0.37310812E+01  0.80159793E+00  0.45326791E+01  0.20538599E+09
  0.34766611E+00  0.30066723E+03  0.37498286E+01  0.79948810E+00  0.45493167E+01  0.20538599E+09
  0.34840583E+00  0.30143230E+03  0.37593704E+01  0.79755175E+00  0.45569221E+01  0.20538599E+09
  0.34914554E+00  0.30187749E+03  0.37649226E+01  0.83196107E+00  0.45968837E+01  0.20538599E+09
  0.34988526E+00  0.29874101E+03  0.37258054E+01  0.80658580E+00  0.45323912E+01  0.20538599E+09
  0.35062497E+00  0.30212094E+03  0.37679589E+01  0.79995558E+00  0.45679145E+01  0.20538599E+09
  0.35136469E+00  0.29626282E+03  0.36948982E+01  0.79991432E+00  0.44948125E+01  0.20538599E+09
  0.35210440E+00  0.30146831E+03  0.37598194E+01  0.79665803E+00  0.45564774E+01  0.20538599E+09
  0.35284412E+00  0.29602056E+03  0.36918768E+01  0.80845597E+00  0.45003327E+01  0.20538599E+09
  0.35358383E+00  0.29966336E+03  0.37373087E+01  0.82043649E+00  0.45577452E+01  0.20538599E+09
  0.35432355E+00  0.30226364E+03  0.37697386E+01  0.83522040E+00  0.46049590E+01  0.20538599E+09
  0.35506326E+00  0.30460817E+03  0.37989788E+01  0.82709513E+00  0.46260740E+01  0.20538599E+09
  0.35580298E+00  0.30520750E+03  0.38064535E+01  0.81138840E+00  0.46178419E+01  0.20538599E+09
  0.35654270E+00  0.30709950E+03  0.38300500E+01  0.82446951E+00  0.46545195E+01  0.20538599E+09
  0.35728241E+00  0.30158389E+03  0.37612610E+01  0.82761148E+00  0.45888725E+01  0.20538599E+09
  0.35802213E+00  0.30177949E+03  0.37637004E+01  0.85108386E+00  0.46147843E+01  0.20538599E+09
  0.35876184E+00  0.30026296E+03  0.37447867E+01  0.85801174E+00  0.46027984E+01  0.20538599E+09
  0.35950156E+00  0.30232124E+03  0.37704569E+01  0.82036658E+00  0.45908235E+01  0.20538599E+09
  0.36024127E+00  0.30095046E+03  0.37533609E+01  0.81878341E+00  0.45721444E+01  0.20538599E+09
  0.36098099E+00  0.29991464E+03  0.37404426E+01  0.84996351E+00  0.45904061E+01  0.20538599E+09
  0.36172070E+00  0.29681049E+03  0.37017286E+01  0.86131109E+00  0.45630396E+01  0.20538599E+09
  0.36246042E+00  0.30310828E+03  0.37802727E+01  0.84896794E+00  0.46292406E+01  0.20538599E+09
  0.36320013E+00  0.30235359E+03  0.37708604E+01  0.85162392E+00  0.46224844E+01  0.20538599E+09
  0.36393985E+00  0.30036522E+03  0.37460621E+01  0.83829456E+00  0.45843567E+01  0.20538599E+09
  0.36467956E+00  0.30171718E+03  0.37629234E+01  0.86388013E+00  0.46268035E+01  0.20538599E+09
  0.36541928E+00  0.29896041E+03  0.37285418E+01  0.84997017E+00  0.45785119E+01  0.20538599E+09
  0.36615899E+00  0.29877569E+03  0.37262379E+01  0.83181028E+00  0.45580482E+01  0.20538599E+09
  0.36689871E+00  0.29275486E+03  0.36511480E+01  0.86586250E+00  0.45170105E+01  0.20538599E+09
  0.36763842E+00  0.30210576E+03  0.37677695E+01  0.87805980E+00  0.46458293E+01  0.20538599E+09
  0.36837814E+00  0.30204373E+03  0.37669959E+01  0.82803772E+00  0.45950336E+01  0.20538599E+09
  0.36911785E+00  0.29455047E+03  0.36735423E+01  0.81927524E+00  0.44928175E+01  0.20538599E+09
  0.36985757E+00  0.30238527E+03  0.37712555E+01  0.83390822E+00  0.46051637E+01  0.20538599E+09
  0.37059728E+00  0.30193075E+03  0.37655869E+01  0.84991476E+00  0.46155017E+01  0.20538599E+09
  0.37133700E+00  0.30023104E+03  0.37443886E+01  0.86297321E+00  0.46073618E+01  0.20538599E+09
  0.37207671E+00  0.30261904E+03  0.37741710E+01  0.84195973E+00  0.46161308E+01  0.20538599E+09
  0.37281643E+00  0.29591905E+03  0.36906108E+01  0.81090388E+00  0.45015147E+01  0.20538599E+09
  0.37355614E+00  0.30212759E+03  0.37680418E+01  0.84498160E+00  0.46130234E+01  0.20538599E+09
  0.37429586E+00  0.30394192E+03  0.37906695E+01  0.81745154E+00  0.46081211E+01  0.20538599E+09
  0.37503557E+00  0.29525750E+03  0.36823601E+01  0.81242093E+00  0.44947811E+01  0.20538599E+09
  0.37577529E+00  0.29411777E+03  0.36681458E+01  0.83509731E+00  0.45032431E+01  0.20538599E+09
  0.37651500E+00  0.29249579E+03  0.36479170E+01  0.86836200E+00  0.45162790E+01  0.20538599E+09
  0.37725472E+00  0.29617208E+03  0.36937665E+01  0.81797052E+00  0.45117370E+01  0.20538599E+09
  0.37799443E+00  0.28881197E+03  0.36019735E+01  0.84595590E+00  0.44479294E+01  0.20538599E+09
  0.37873415E+00  0.29950623E+03  0.37353490E+01  0.82355758E+00  0.45589066E+01  0.20538599E+09
  0.37947386E+00  0.29866078E+03  0.37248048E+01  0.82741251E+00  0.45522173E+01  0.20538599E+09
  0.38021358E+00  0.29391780E+03  0.36656518E+01  0.83410177E+00  0.44997536E+01  0.20538599E+09
  0.38095329E+00  0.30056177E+03  0.37485134E+01  0.86334315E+00  0.46118565E+01  0.20538599E+09
  0.38169301E+00  0.30237804E+03  0.37711654E+01  0.82737080E+00  0.45985362E+01  0.20538599E+09
  0.38243272E+00  0.29865385E+03  0.37247184E+01  0.82539572E+00  0.45501141E+01  0.20538599E+09
  0.38317244E+00  0.29736999E+03  0.37087064E+01  0.81730227E+00  0.45260087E+01  0.20538599E+09
  0.38391216E+00  0.30211465E+03  0.37678804E+01  0.84666441E+00  0.46145448E+01  0.20538599E+09
  0.38465187E+00  0.30167078E+03  0.37623447E+01  0.86218936E+00  0.46245340E+01  0.20538599E+09
  0.38539159E+00  0.29020499E+03  0.36193469E+01  0.85865447E+00  0.44780013E+01  0.20538599E+09
  0.38613130E+00  0.29540347E+03  0.36841806E+01  0.83297739E+00  0.45171580E+01  0.20538599E+09
  0.38687102E+00  0.30441771E+03  0.37966035E+01  0.85368924E+00  0.46502927E+01  0.20538599E+09
  0.38761073E+00  0.29354924E+03  0.36610553E+01  0.87413614E+00  0.45351914E+01  0.20538599E+09
  0.38835045E+00  0.30201797E+03  0.37666747E+01  0.84573207E+00  0.46124067E+01  0.20538599E+09
  0.38909016E+00  0.30094583E+03  0.37533032E+01  0.85804403E+00  0.46113473E+01  0.20538599E+09
  0.38982988E+00  0.31016206E+03  0.38682452E+01  0.83743293E+00  0.47056781E+01  0.20538599E+09
  0.39056959E+00  0.29719742E+03  0.37065542E+01  0.85325615E+00  0.45598104E+01  0.20538599E+09
  0.39130931E+00  0.29665915E+03  0.36998411E+01  0.83368481E+00  0.45335259E+01  0.20538599E+09
  0.39204902E+00  0.29964593E+03  0.37370913E+01  0.85113461E+00  0.45882259E+01  0.20538599E+09
  0.39278874E+00  0.29541811E+03  0.36843633E+01  0.81028247E+00  0.44946457E+01  0.20538599E+09
  0.39352845E+00  0.29781589E+03  0.37142676E+01  0.81973300E+00  0.45340006E+01  0.20538599E+09
  0.39426817E+00  0.29973401E+03  0.37381898E+01  0.84002241E+00  0.45782122E+01  0.20538599E+09
  0.39500788E+00  0.29629392E+03  0.36952860E+01  0.85320209E+00  0.45484881E+01  0.20538599E+09
  0.39574760E+00  0.29612811E+03  0.36932181E+01  0.84193287E+00  0.45351510E+01  0.20538599E+09
  0.39648731E+00  0.30441065E+03  0.37965155E+01  0.85291621E+00  0.46494317E+01  0.20538599E+09
  0.39722703E+00  0.30928463E+03  0.38573022E+01  0.84862316E+00  0.47059254E+01  0.20538599E+09
  0.39796674E+00  0.29494375E+03  0.36784472E+01  0.85571484E+00  0.45341621E+01  0.20538599E+09
  0.39870646E+00  0.29340241E+03  0.36592240E+01  0.85508136E+00  0.45143054E+01  0.20538599E+09
  0.39944617E+00  0.30444075E+03  0.37968909E+01  0.84219008E+00  0.46390809E+01  0.20538599E+09
  0.40018589E+00  0.29932070E+03  0.37330352E+01  0.85972402E+00  0.45927592E+01  0.20538599E+09
  0.40092560E+00  0.29418097E+03  0.36689340E+01  0.84092245E+00  0.45098564E+01  0.20538599E+09
  0.40166532E+00  0.30276755E+03  0.37760232E+01  0.82329491E+00  0.45993181E+01  0.20538599E+09
  0.40240503E+00  0.29470852E+03  0.36755135E+01  0.85184887E+00  0.45273623E+01  0.20538599E+09
  0.40314475E+00  0.29908118E+03  0.37300479E+01  0.86673584E+00  0.45967837E+01  0.20538599E+09
  0.40388446E+00  0.30284331E+03  0.37769680E+01  0.87328471E+00  0.46502527E+01  0.20538599E+09
  0.40462418E+00  0.29617587E+03  0.36938138E+01  0.84150707E+00  0.45353209E+01  0.20538599E+09
  0.40536389E+00  0.29494612E+03  0.36784767E+01  0.81157482E+00  0.44900515E+01  0.20538599E+09
  0.40610361E+00  0.30481182E+03  0.38015187E+01  0.84942225E+00  0.46509410E+01  0.20538599E+09
  0.40684332E+00  0.29722098E+03  0.37068481E+01  0.85398559E+00  0.45608337E+01  0.20538599E+09
  0.40758304E+00  0.29581393E+03  0.36892998E+01  0.79805075E+00  0.44873506E+01  0.20538599E+09
  0.40832275E+00  0.29446251E+03  0.36724454E+01  0.79572855E+00  0.44681739E+01  0.20538599E+09
  0.40906247E+00  0.29964537E+03  0.37370843E+01  0.78194698E+00  0.45190313E+01  0.20538599E+09
  0.40980218E+00  0.29155428E+03  0.36361747E+01  0.83680153E+00  0.44729763E+01  0.20538599E+09
  0.41054190E+00  0.30242509E+03  0.37717522E+01  0.82453244E+00  0.45962846E+01  0.20538599E+09
  0.41128162E+00  0.30110220E+03  0.37552535E+01  0.83348476E+00  0.45887382E+01  0.20538599E+09
  0.41202133E+00  0.29932230E+03  0.37330551E+01  0.80108688E+00  0.45341420E+01  0.20538599E+09
  0.41276105E+00  0.29282313E+03  0.36519994E+01  0.80807348E+00  0.44600729E+01  0.20538599E+09
  0.41350076E+00  0.30215300E+03  0.37683587E+01  0.79594118E+00  0.45642998E+01  0.20538599E+09
  0.41424048E+00  0.30112177E+03  0.37554975E+01  0.81495805E+00  0.45704556E+01  0.20538599E+09
  0.41498019E+00  0.29278389E+03  0.36515101E+01  0.85608315E+00  0.45075932E+01  0.20538599E+09
  0.41571991E+00  0.30521072E+03  0.38064937E+01  0.82416208E+00  0.46306557E+01  0.20538599E+09
  0.41645962E+00  0.30492839E+03  0.38029725E+01  0.84497817E+00  0.46479507E+01  0.20538599E+09
  0.41719934E+00  0.29657046E+03  0.36987349E+01  0.87103712E+00  0.45697721E+01  0.20538599E+09
  0.41793905E+00  0.29827575E+03  0.37200029E+01  0.85378372E+00  0.45737866E+01  0.20538599E+09
  0.41867877E+00  0.30105756E+03  0.37546967E+01  0.80520371E+00  0.45599005E+01  0.20538599E+09
  0.41941848E+00  0.29805485E+03  0.37172479E+01  0.85158514E+00  0.45688331E+01  0.20538599E+09
  0.42015820E+00  0.30899695E+03  0.38537144E+01  0.83377523E+00  0.46874896E+01  0.20538599E+09
  0.42089791E+00  0.29855595E+03  0.37234974E+01  0.84102519E+00  0.45645226E+01  0.20538599E+09
  0.42163763E+00  0.30404483E+03  0.37919531E+01  0.84239584E+00  0.46343489E+01  0.20538599E+09
  0.42237734E+00  0.30077814E+03  0.37512119E+01  0.82285111E+00  0.45740630E+01  0.20538599E+09
  0.42311706E+00  0.30925133E+03  0.38568868E+01  0.83194235E+00  0.46888292E+01  0.20538599E+09
  0.42385677E+00  0.29875088E+03  0.37259285E+01  0.86365970E+00  0.45895882E+01  0.20538599E+09
  0.42459649E+00  0.29239203E+03  0.36466229E+01  0.86827953E+00  0.45149024E+01  0.20538599E+09
  0.42533620E+00  0.30263586E+03  0.37743808E+01  0.85233231E+00  0.46267131E+01  0.20538599E+09
  0.42607592E+00  0.30069591E+03  0.37501863E+01  0.83103072E+00  0.45812170E+01  0.20538599E+09
  0.42681563E+00  0.30183671E+03  0.37644141E+01  0.85854818E+00  0.46229623E+01  0.20538599E+09
  0.42755535E+00  0.29914400E+03  0.37308314E+01  0.84252016E+00  0.45733515E+01  0.20538599E+09
  0.42829506E+00  0.30218935E+03  0.37688120E+01  0.82905194E+00  0.45978640E+01  0.20538599E+09
  0.42903478E+00  0.30629606E+03  0.38200297E+01  0.83990727E+00  0.46599370E+01  0.20538599E+09
  0.42977449E+00  0.30477821E+03  0.38010995E+01  0.84786942E+00  0.46489689E+01  0.20538599E+09
  0.43051421E+00  0.30692876E+03  0.38279205E+01  0.87266345E+00  0.47005840E+01  0.20538599E+09
  0.43125392E+00  0.30226839E+03  0.37697979E+01  0.83426024E+00  0.46040581E+01  0.20538599E+09
  0.43199364E+00  0.29604994E+03  0.36922432E+01  0.82061720E+00  0.45128604E+01  0.20538599E+09
  0.43273335E+00  0.29925450E+03  0.37322095E+01  0.82667889E+00  0.45588884E+01  0.20538599E+09
  0.43347307E+00  0.29914638E+03  0.37308611E+01  0.83408419E+00  0.45649453E+01  0.20538599E+09
  0.43421278E+00  0.29716851E+03  0.37061937E+01  0.82931407E+00  0.45355078E+01  0.20538599E+09
  0.43495250E+00  0.29420463E+03  0.36692291E+01  0.81811967E+00  0.44873487E+01  0.20538599E+09
  0.43569221E+00  0.30942622E+03  0.38590680E+01  0.81510416E+00  0.46741722E+01  0.20538599E+09
  0.43643193E+00  0.29896740E+03  0.37286289E+01  0.83153100E+00  0.45601599E+01  0.20538599E+09
  0.43717164E+00  0.29832980E+03  0.37206770E+01  0.83230559E+00  0.45529826E+01  0.20538599E+09
  0.43791136E+00  0.29327657E+03  0.36576546E+01  0.83489050E+00  0.44925451E+01  0.20538599E+09
  0.43865108E+00  0.29790459E+03  0.37153739E+01  0.81124991E+00  0.45266238E+01  0.20538599E+09
  0.43939079E+00  0.30018039E+03  0.37437569E+01  0.81563666E+00  0.45593936E+01  0.20538599E+09
  0.44013051E+00  0.29768970E+03  0.37126938E+01  0.83293530E+00  0.45456291E+01  0.20538599E+09
  0.44087022E+00  0.29720769E+03  0.37066824E+01  0.82592467E+00  0.45326070E+01  0.20538599E+09
  0.44160994E+00  0.30057259E+03  0.37486483E+01  0.81990448E+00  0.45685528E+01  0.20538599E+09
  0.44234965E+00  0.29360913E+03  0.36618023E+01  0.80347121E+00  0.44652735E+01  0.20538599E+09
  0.44308937E+00  0.30175918E+03  0.37634471E+01  0.80827336E+00  0.45717204E+01  0.20538599E+09
  0.44382908E+00  0.29856284E+03  0.37235833E+01  0.82545329E+00  0.45490366E+01  0.20538599E+09
  0.44456880E+00  0.29719787E+03  0.37065599E+01  0.85637339E+00  0.45629333E+01  0.20538599E+09
  0.44530851E+00  0.29910061E+03  0.37302902E+01  0.85296855E+00  0.45832588E+01  0.20538599E+09
  0.44604823E+00  0.29788735E+03  0.37151589E+01  0.81325364E+00  0.45284125E+01  0.20538599E+09
  0.44678794E+00  0.29644868E+03  0.36972163E+01  0.80096831E+00  0.44981846E+01  0.20538599E+09
  0.44752766E+00  0.30126908E+03  0.37573347E+01  0.81835872E+00  0.45756934E+01  0.20538599E+09
  0.44826737E+00  0.29959709E+03  0.37364822E+01  0.81002528E+00  0.45465075E+01  0.20538599E+09
  0.44900709E+00  0.30086060E+03  0.37522403E+01  0.82041064E+00  0.45726509E+01  0.20538599E+09
  0.44974680E+00  0.29859637E+03  0.37240015E+01  0.79212261E+00  0.45161241E+01  0.20538599E+09
  0.45048652E+00  0.30224933E+03  0.37695601E+01  0.82453845E+00  0.45940986E+01  0.20538599E+09
  0.45122623E+00  0.30277086E+03  0.37760645E+01  0.80030726E+00  0.45763717E+01  0.20538599E+09
  0.45196595E+00  0.29858596E+03  0.37238717E+01  0.82422755E+00  0.45480993E+01  0.20538599E+09
  0.45270566E+00  0.30004735E+03  0.37420977E+01  0.79877077E+00  0.45408684E+01  0.20538599E+09
  0.45344538E+00  0.29853755E+03  0.37232679E+01  0.77898395E+00  0.45022519E+01  0.20538599E+09
  0.45418509E+00  0.29590793E+03  0.36904721E+01  0.81768855E+00  0.45081606E+01  0.20538599E+09
  0.45492481E+00  0.29269883E+03  0.36504493E+01  0.80816067E+00  0.44586099E+01  0.20538599E+09
  0.45566452E+00  0.29688952E+03  0.37027142E+01  0.80294483E+00  0.45056590E+01  0.20538599E+09
  0.45640424E+00  0.29542140E+03  0.36844043E+01  0.85217825E+00  0.45365826E+01  0.20538599E+09
  0.45714395E+00  0.29921330E+03  0.37316957E+01  0.85632423E+00  0.45880199E+01  0.20538599E+09
  0.45788367E+00  0.30375791E+03  0.37883746E+01  0.84203113E+00  0.46304058E+01  0.20538599E+09
  0.45862338E+00  0.29742917E+03  0.37094445E+01  0.85125713E+00  0.45607016E+01  0.20538599E+09
  0.45936310E+00  0.29525763E+03  0.36823617E+01  0.82561150E+00  0.45079732E+01  0.20538599E+09
  0.46010281E+00  0.29898315E+03  0.37288253E+01  0.82757764E+00  0.45564029E+01  0.20538599E+09
  0.46084253E+00  0.29833191E+03  0.37207033E+01  0.85713706E+00  0.45778403E+01  0.20538599E+09
  0.46158224E+00  0.29702180E+03  0.37043639E+01  0.83312428E+00  0.45374882E+01  0.20538599E+09
  0.46232196E+00  0.30630835E+03  0.38201830E+01  0.83977908E+00  0.46599621E+01  0.20538599E+09
  0.46306167E+00  0.29598054E+03  0.36913777E+01  0.87599985E+00  0.45673775E+01  0.20538599E+09
  0.46380139E+00  0.30092712E+03  0.37530699E+01  0.82603318E+00  0.45791031E+01  0.20538599E+09
  0.46454110E+00  0.29383786E+03  0.36646548E+01  0.86596073E+00  0.45306155E+01  0.20538599E+09
  0.46528082E+00  0.29666759E+03  0.36999464E+01  0.87222088E+00  0.45721673E+01  0.20538599E+09
  0.46602054E+00  0.29352459E+03  0.36607479E+01  0.85407581E+00  0.45148237E+01  0.20538599E+09
  0.46676025E+00  0.29804566E+03  0.37171332E+01  0.85703861E+00  0.45741718E+01  0.20538599E+09
  0.46749997E+00  0.30638233E+03  0.38211056E+01  0.84459210E+00  0.46656977E+01  0.20538599E+09
  0.46823968E+00  0.29737593E+03  0.37087805E+01  0.83220162E+00  0.45409821E+01  0.20538599E+09
  0.46897940E+00  0.29451587E+03  0.36731107E+01  0.84676947E+00  0.45198802E+01  0.20538599E+09
  0.46971911E+00  0.29571682E+03  0.36880886E+01  0.85364439E+00  0.45417330E+01  0.20538599E+09
  0.47045883E+00  0.29980538E+03  0.37390799E+01  0.84974569E+00  0.45888256E+01  0.20538599E+09
  0.47119854E+00  0.31653744E+03  0.39477570E+01  0.86705490E+00  0.48148119E+01  0.20538599E+09
  0.47193826E+00  0.29579497E+03  0.36890633E+01  0.87011163E+00  0.45591750E+01  0.20538599E+09
  0.47267797E+00  0.30214693E+03  0.37682830E+01  0.86074521E+00  0.46290282E+01  0.20538599E+09
  0.47341769E+00  0.29922798E+03  0.37318788E+01  0.82475702E+00  0.45566358E+01  0.20538599E+09
  0.47415740E+00  0.29467477E+03  0.36750925E+01  0.87162276E+00  0.45467153E+01  0.20538599E+09
  0.47489712E+00  0.30066674E+03  0.37498225E+01  0.85276189E+00  0.46025844E+01  0.20538599E+09
  0.47563683E+00  0.29717957E+03  0.37063317E+01  0.85549168E+00  0.45618233E+01  0.20538599E+09
  0.47637655E+00  0.30404754E+03  0.37919868E+01  0.84713895E+00  0.46391257E+01  0.20538599E+09
  0.47711626E+00  0.30114296E+03  0.37557618E+01  0.80148637E+00  0.45572482E+01  0.20538599E+09
  0.47785598E+00  0.30513918E+03  0.38056014E+01  0.80184319E+00  0.46074446E+01  0.20538599E+09
  0.47859569E+00  0.30360858E+03  0.37865123E+01  0.83356107E+00  0.46200734E+01  0.20538599E+09
  0.47933541E+00  0.30708632E+03  0.38298855E+01  0.82719326E+00  0.46570788E+01  0.20538599E+09
  0.48007512E+00  0.30842248E+03  0.38465497E+01  0.83101386E+00  0.46775636E+01  0.20538599E+09
  0.48081484E+00  0.29884150E+03  0.37270587E+01  0.84993738E+00  0.45769960E+01  0.20538599E+09
  0.48155455E+00  0.30766730E+03  0.38371314E+01  0.85379149E+00  0.46909229E+01  0.20538599E+09
  0.48229427E+00  0.30231298E+03  0.37703539E+01  0.86295697E+00  0.46333109E+01  0.20538599E+09
  0.48303398E+00  0.30147975E+03  0.37599622E+01  0.85083458E+00  0.46107967E+01  0.20538599E+09
  0.48377370E+00  0.30411603E+03  0.37928410E+01  0.84667634E+00  0.46395173E+01  0.20538599E+09
  0.48451341E+00  0.30584510E+03  0.38144055E+01  0.84331046E+00  0.46577160E+01  0.20538599E+09
  0.48525313E+00  0.30375251E+03  0.37883073E+01  0.82494077E+00  0.46132480E+01  0.20538599E+09
  0.48599284E+00  0.30414879E+03  0.37932496E+01  0.81977813E+00  0.46130278E+01  0.20538599E+09
  0.48673256E+00  0.29370164E+03  0.36629560E+01  0.82239475E+00  0.44853508E+01  0.20538599E+09
  0.48747227E+00  0.29496932E+03  0.36787660E+01  0.83952524E+00  0.45182913E+01  0.20538599E+09
  0.48821199E+00  0.29595442E+03  0.36910520E+01  0.84753093E+00  0.45385829E+01  0.20538599E+09
  0.48895170E+00  0.30906336E+03  0.38545426E+01  0.84613801E+00  0.47006806E+01  0.20538599E+09
  0.48969142E+00  0.29632350E+03  0.36956550E+01  0.82775756E+00  0.45234125E+01  0.20538599E+09
  0.49043113E+00  0.29705881E+03  0.37048255E+01  0.79665472E+00  0.45014802E+01  0.20538599E+09
  0.49117085E+00  0.29871137E+03  0.37254358E+01  0.81852526E+00  0.45439611E+01  0.20538599E+09
  0.49191056E+00  0.30152360E+03  0.37605090E+01  0.80671563E+00  0.45672247E+01  0.20538599E+09
  0.49265028E+00  0.29080343E+03  0.36268104E+01  0.81431136E+00  0.44411217E+01  0.20538599E+09
  0.49339000E+00  0.30459133E+03  0.37987688E+01  0.81778883E+00  0.46165576E+01  0.20538599E+09
  0.49412971E+00  0.31006275E+03  0.38670067E+01  0.80749738E+00  0.46745041E+01  0.20538599E+09
  0.49486943E+00  0.29873946E+03  0.37257862E+01  0.80117717E+00  0.45269633E+01  0.20538599E+09
  0.49560914E+00  0.30294276E+03  0.37782084E+01  0.82654871E+00  0.46047571E+01  0.20538599E+09
  0.49634886E+00  0.30031964E+03  0.37454936E+01  0.81317198E+00  0.45586655E+01  0.20538599E+09
  0.49708857E+00  0.29597427E+03  0.36912996E+01  0.81406524E+00  0.45053648E+01  0.20538599E+09
  0.49782829E+00  0.29715211E+03  0.37059891E+01  0.83194197E+00  0.45379311E+01  0.20538599E+09
  0.49856800E+00  0.29281857E+03  0.36519426E+01  0.84447994E+00  0.44964225E+01  0.20538599E+09
  0.49930772E+00  0.30160746E+03  0.37615548E+01  0.86765908E+00  0.46292139E+01  0.20538599E+09
  0.50004743E+00  0.30302382E+03  0.37792193E+01  0.82752858E+00  0.46067479E+01  0.20538599E+09
  0.50078715E+00  0.29968436E+03  0.37375705E+01  0.83625156E+00  0.45738221E+01  0.20538599E+09
  0.50152686E+00  0.30315993E+03  0.37809169E+01  0.84881863E+00  0.46297355E+01  0.20538599E+09
  0.50226658E+00  0.29798417E+03  0.37163664E+01  0.85762443E+00  0.45739908E+01  0.20538599E+09
  0.50300629E+00  0.30330652E+03  0.37827450E+01  0.84729521E+00  0.46300402E+01  0.20538599E+09
  0.50374601E+00  0.29773059E+03  0.37132038E+01  0.86081035E+00  0.45740142E+01  0.20538599E+09
  0.50448572E+00  0.30519661E+03  0.38063177E+01  0.83078056E+00  0.46370983E+01  0.20538599E+09
  0.50522544E+00  0.30208190E+03  0.37674719E+01  0.84323468E+00  0.46107066E+01  0.20538599E+09
  0.50596515E+00  0.30565255E+03  0.38120040E+01  0.83493967E+00  0.46469437E+01  0.20538599E+09
  0.50670487E+00  0.29981953E+03  0.37392565E+01  0.82280738E+00  0.45620638E+01  0.20538599E+09
  0.50744458E+00  0.30471901E+03  0.38003613E+01  0.87394958E+00  0.46743108E+01  0.20538599E+09
  0.50818430E+00  0.30092836E+03  0.37530854E+01  0.85146598E+00  0.46045514E+01  0.20538599E+09
  0.50892401E+00  0.28849134E+03  0.35979747E+01  0.83970794E+00  0.44376826E+01  0.20538599E+09
  0.50966373E+00  0.30498727E+03  0.38037069E+01  0.84460857E+00  0.46483154E+01  0.20538599E+09
  0.51040344E+00  0.29829905E+03  0.37202935E+01  0.84412837E+00  0.45644219E+01  0.20538599E+09
  0.51114316E+00  0.30251343E+03  0.37728539E+01  0.82902305E+00  0.46018770E+01  0.20538599E+09
  0.51188287E+00  0.29566473E+03  0.36874390E+01  0.80762876E+00  0.44950678E+01  0.20538599E+09
  0.51262259E+00  0.30048159E+03  0.37475135E+01  0.82878256E+00  0.45762960E+01  0.20538599E+09
  0.51336230E+00  0.29854193E+03  0.37233226E+01  0.83360417E+00  0.45569268E+01  0.20538599E+09
  0.51410202E+00  0.30261389E+03  0.37741068E+01  0.83052843E+00  0.46046352E+01  0.20538599E+09
  0.51484173E+00  0.29508296E+03  0.36801833E+01  0.82437143E+00  0.45045547E+01  0.20538599E+09
  0.51558145E+00  0.31322039E+03  0.39063878E+01  0.81202143E+00  0.47184092E+01  0.20538599E+09
  0.51632116E+00  0.30376206E+03  0.37884264E+01  0.83959242E+00  0.46280189E+01  0.20538599E+09
  0.51706088E+00  0.30213030E+03  0.37680757E+01  0.79664823E+00  0.45647239E+01  0.20538599E+09
  0.51780059E+00  0.29553998E+03  0.36858832E+01  0.81480933E+00  0.45006925E+01  0.20538599E+09
  0.51854031E+00  0.29779491E+03  0.37140059E+01  0.83232319E+00  0.45463291E+01  0.20538599E+09
  0.51928002E+00  0.30117931E+03  0.37562151E+01  0.81062751E+00  0.45668426E+01  0.20538599E+09
  0.52001974E+00  0.30077564E+03  0.37511807E+01  0.82709593E+00  0.45782766E+01  0.20538599E+09
  0.52075946E+00  0.30400566E+03  0.37914645E+01  0.83729837E+00  0.46287629E+01  0.20538599E+09
  0.52149917E+00  0.29775640E+03  0.37135256E+01  0.86979855E+00  0.45833242E+01  0.20538599E+09
  0.52223889E+00  0.30171023E+03  0.37628366E+01  0.86156115E+00  0.46243977E+01  0.20538599E+09
  0.52297860E+00  0.30280955E+03  0.37765470E+01  0.87550760E+00  0.46520546E+01  0.20538599E+09
  0.52371832E+00  0.29964273E+03  0.37370514E+01  0.87028100E+00  0.46073324E+01  0.20538599E+09
  0.52445803E+00  0.29953969E+03  0.37357663E+01  0.87792621E+00  0.46136925E+01  0.20538599E+09
  0.52519775E+00  0.30098223E+03  0.37537572E+01  0.85620636E+00  0.46099636E+01  0.20538599E+09
  0.52593746E+00  0.29783818E+03  0.37145456E+01  0.83346651E+00  0.45480121E+01  0.20538599E+09
  0.52667718E+00  0.30232650E+03  0.37705226E+01  0.85087561E+00  0.46213982E+01  0.20538599E+09
  0.52741689E+00  0.29839018E+03  0.37214300E+01  0.83771257E+00  0.45591426E+01  0.20538599E+09
  0.52815661E+00  0.29316117E+03  0.36562153E+01  0.83093652E+00  0.44871519E+01  0.20538599E+09
  0.52889632E+00  0.29504116E+03  0.36796621E+01  0.84146293E+00  0.45211250E+01  0.20538599E+09
  0.52963604E+00  0.30041223E+03  0.37466484E+01  0.83909053E+00  0.45857389E+01  0.20538599E+09
  0.53037575E+00  0.30043797E+03  0.37469693E+01  0.82342457E+00  0.45703939E+01  0.20538599E+09
  0.53111547E+00  0.30812272E+03  0.38428113E+01  0.82892068E+00  0.46717319E+01  0.20538599E+09
  0.53185518E+00  0.30472651E+03  0.38004548E+01  0.87288590E+00  0.46733407E+01  0.20538599E+09
  0.53259490E+00  0.30151863E+03  0.37604470E+01  0.83376201E+00  0.45942090E+01  0.20538599E+09
  0.53333461E+00  0.29600898E+03  0.36917323E+01  0.84324756E+00  0.45349799E+01  0.20538599E+09
  0.53407433E+00  0.30325380E+03  0.37820876E+01  0.84243827E+00  0.46245259E+01  0.20538599E+09
  0.53481404E+00  0.29673776E+03  0.37008215E+01  0.80972703E+00  0.45105485E+01  0.20538599E+09
  0.53555376E+00  0.29493077E+03  0.36782853E+01  0.80072752E+00  0.44790128E+01  0.20538599E+09
  0.53629347E+00  0.29076123E+03  0.36262840E+01  0.83836870E+00  0.44646527E+01  0.20538599E+09
  0.53703319E+00  0.29282836E+03  0.36520647E+01  0.82301693E+00  0.44750817E+01  0.20538599E+09
  0.53777290E+00  0.29860326E+03  0.37240875E+01  0.81807003E+00  0.45421575E+01  0.20538599E+09
  0.53851262E+00  0.29785968E+03  0.37148138E+01  0.82523990E+00  0.45400537E+01  0.20538599E+09
  0.53925233E+00  0.30527208E+03  0.38072589E+01  0.81399523E+00  0.46212541E+01  0.20538599E+09
  0.53999205E+00  0.30372201E+03  0.37879269E+01  0.82656595E+00  0.46144929E+01  0.20538599E+09
  0.54073176E+00  0.30010225E+03  0.37427824E+01  0.85405275E+00  0.45968352E+01  0.20538599E+09
  0.54147148E+00  0.30024516E+03  0.37445647E+01  0.84485732E+00  0.45894220E+01  0.20538599E+09
  0.54221119E+00  0.30093995E+03  0.37532300E+01  0.86913695E+00  0.46223669E+01  0.20538599E+09
  0.54295091E+00  0.29996709E+03  0.37410967E+01  0.88753744E+00  0.46286342E+01  0.20538599E+09
  0.54369062E+00  0.29657501E+03  0.36987918E+01  0.81989065E+00  0.45186824E+01  0.20538599E+09
  0.54443034E+00  0.29964527E+03  0.37370830E+01  0.85102136E+00  0.45881044E+01  0.20538599E+09
  0.54517005E+00  0.30221782E+03  0.37691672E+01  0.83258055E+00  0.46017477E+01  0.20538599E+09
  0.54590977E+00  0.29498971E+03  0.36790204E+01  0.86440064E+00  0.45434211E+01  0.20538599E+09
  0.54664948E+00  0.29830362E+03  0.37203505E+01  0.83559788E+00  0.45559483E+01  0.20538599E+09
  0.54738920E+00  0.29899054E+03  0.37289175E+01  0.83997054E+00  0.45688881E+01  0.20538599E+09
  0.54812892E+00  0.30226990E+03  0.37698166E+01  0.84232292E+00  0.46121396E+01  0.20538599E+09
  0.54886863E+00  0.29022045E+03  0.36195397E+01  0.83823172E+00  0.44577714E+01  0.20538599E+09
  0.54960835E+00  0.29694057E+03  0.37033509E+01  0.83625281E+00  0.45396037E+01  0.20538599E+09
  0.55034806E+00  0.30133938E+03  0.37582115E+01  0.82811788E+00  0.45863294E+01  0.20538599E+09
  0.55108778E+00  0.30077609E+03  0.37511863E+01  0.81496715E+00  0.45661535E+01  0.20538599E+09
  0.55182749E+00  0.29618824E+03  0.36939681E+01  0.83603428E+00  0.45300024E+01  0.20538599E+09
  0.55256721E+00  0.29348117E+03  0.36602063E+01  0.84654378E+00  0.45067501E+01  0.20538599E+09
  0.55330692E+00  0.29645989E+03  0.36973560E+01  0.84739553E+00  0.45447515E+01  0.20538599E+09
  0.55404664E+00  0.30088553E+03  0.37525512E+01  0.87477272E+00  0.46273239E+01  0.20538599E+09
  0.55478635E+00  0.30795497E+03  0.38407191E+01  0.86569963E+00  0.47064188E+01  0.20538599E+09
  0.55552607E+00  0.30458037E+03  0.37986321E+01  0.84276892E+00  0.46414010E+01  0.20538599E+09
  0.55626578E+00  0.29616250E+03  0.36936470E+01  0.85833995E+00  0.45519870E+01  0.20538599E+09
  0.55700550E+00  0.29532568E+03  0.36832105E+01  0.83222478E+00  0.45154353E+01  0.20538599E+09
  0.55774521E+00  0.30462793E+03  0.37992252E+01  0.86699181E+00  0.46662171E+01  0.20538599E+09
  0.55848493E+00  0.30426032E+03  0.37946405E+01  0.84222274E+00  0.46368633E+01  0.20538599E+09
  0.55922464E+00  0.30398357E+03  0.37911890E+01  0.85555992E+00  0.46467489E+01  0.20538599E+09
  0.55996436E+00  0.29732975E+03  0.37082046E+01  0.83623240E+00  0.45444370E+01  0.20538599E+09
  0.56070407E+00  0.29607918E+03  0.36926080E+01  0.79990551E+00  0.44925135E+01  0.20538599E+09
  0.56144379E+00  0.30181053E+03  0.37640875E+01  0.81083365E+00  0.45749212E+01  0.20538599E+09
  0.56218350E+00  0.29611901E+03  0.36931047E+01  0.83063221E+00  0.45237369E+01  0.20538599E+09
  0.56292322E+00  0.29265175E+03  0.36498621E+01  0.84535779E+00  0.44952199E+01  0.20538599E+09
  0.56366293E+00  0.29831493E+03  0.37204915E+01  0.86218072E+00  0.45826722E+01  0.20538599E+09
  0.56440265E+00  0.29598550E+03  0.36914395E+01  0.86546523E+00  0.45569048E+01  0.20538599E+09
  0.56514236E+00  0.29895757E+03  0.37285062E+01  0.83543392E+00  0.45639402E+01  0.20538599E+09
  0.56588208E+00  0.29690600E+03  0.37029198E+01  0.82328286E+00  0.45262026E+01  0.20538599E+09
  0.56662179E+00  0.30153660E+03  0.37606711E+01  0.80575333E+00  0.45664244E+01  0.20538599E+09
  0.56736151E+00  0.29993492E+03  0.37406955E+01  0.81339315E+00  0.45540886E+01  0.20538599E+09
  0.56810122E+00  0.29801372E+03  0.37167349E+01  0.78782515E+00  0.45045600E+01  0.20538599E+09
  0.56884094E+00  0.30100424E+03  0.37540318E+01  0.80898347E+00  0.45630152E+01  0.20538599E+09
  0.56958065E+00  0.30156308E+03  0.37610014E+01  0.82899846E+00  0.45899998E+01  0.20538599E+09
  0.57032037E+00  0.30353543E+03  0.37855999E+01  0.79208348E+00  0.45776834E+01  0.20538599E+09
  0.57106008E+00  0.30845381E+03  0.38469405E+01  0.83953105E+00  0.46864715E+01  0.20538599E+09
  0.57179980E+00  0.30246699E+03  0.37722748E+01  0.82793728E+00  0.46002120E+01  0.20538599E+09
  0.57253951E+00  0.30057713E+03  0.37487050E+01  0.81225599E+00  0.45609609E+01  0.20538599E+09
  0.57327923E+00  0.30000789E+03  0.37416056E+01  0.80467575E+00  0.45462813E+01  0.20538599E+09
  0.57401894E+00  0.30345817E+03  0.37846364E+01  0.84545803E+00  0.46300944E+01  0.20538599E+09
  0.57475866E+00  0.29776158E+03  0.37135903E+01  0.83155542E+00  0.45451457E+01  0.20538599E+09
  0.57549838E+00  0.29857793E+03  0.37237716E+01  0.84283031E+00  0.45666019E+01  0.20538599E+09
  0.57623809E+00  0.30167510E+03  0.37623984E+01  0.83678750E+00  0.45991859E+01  0.20538599E+09
  0.57697781E+00  0.29931012E+03  0.37329032E+01  0.82794565E+00  0.45608489E+01  0.20538599E+09
  0.57771752E+00  0.29785157E+03  0.37147126E+01  0.82438902E+00  0.45391016E+01  0.20538599E+09
  0.57845724E+00  0.29600338E+03  0.36916625E+01  0.82989395E+00  0.45215565E+01  0.20538599E+09
  0.57919695E+00  0.29754179E+03  0.37108491E+01  0.84005662E+00  0.45509058E+01  0.20538599E+09
  0.57993667E+00  0.29742102E+03  0.37093429E+01  0.87779600E+00  0.45871389E+01  0.20538599E+09
  0.58067638E+00  0.29918952E+03  0.37313991E+01  0.83234711E+00  0.45637462E+01  0.20538599E+09
  0.58141610E+00  0.30038230E+03  0.37462750E+01  0.82548019E+00  0.45717552E+01  0.20538599E+09
  0.58215581E+00  0.29238725E+03  0.36465633E+01  0.85365920E+00  0.45002225E+01  0.20538599E+09
  0.58289553E+00  0.29962712E+03  0.37368567E+01  0.82203700E+00  0.45588937E+01  0.20538599E+09
  0.58363524E+00  0.29552702E+03  0.36857216E+01  0.82379612E+00  0.45095177E+01  0.20538599E+09
  0.58437496E+00  0.29945005E+03  0.37346483E+01  0.81564082E+00  0.45502891E+01  0.20538599E+09
  0.58511467E+00  0.30569124E+03  0.38124865E+01  0.81848745E+00  0.46309740E+01  0.20538599E+09
  0.58585439E+00  0.30063849E+03  0.37494702E+01  0.83652672E+00  0.45859970E+01  0.20538599E+09
  0.58659410E+00  0.30478313E+03  0.38011609E+01  0.83119117E+00  0.46323521E+01  0.20538599E+09
  0.58733382E+00  0.29759096E+03  0.37114624E+01  0.83421356E+00  0.45456760E+01  0.20538599E+09
  0.58807353E+00  0.30103996E+03  0.37544772E+01  0.81211082E+00  0.45665880E+01  0.20538599E+09
  0.58881325E+00  0.30784827E+03  0.38393884E+01  0.80482325E+00  0.46442117E+01  0.20538599E+09
  0.58955296E+00  0.30542424E+03  0.38091566E+01  0.85295441E+00  0.46621111E+01  0.20538599E+09
  0.59029268E+00  0.30092191E+03  0.37530050E+01  0.83586637E+00  0.45888714E+01  0.20538599E+09
  0.59103239E+00  0.31000054E+03  0.38662308E+01  0.83278366E+00  0.46990144E+01  0.20538599E+09
  0.59177211E+00  0.29969513E+03  0.37377049E+01  0.87154350E+00  0.46092484E+01  0.20538599E+09
