 # Time         Temp      Kin     Potencial       E_tot        Pressure
  0.000000000000000E+000   295.218084481169        3.68186859292516     
  0.698611640083690        4.38048023300885        581340308.844113     
  7.397151351546449E-004   305.605350426802        3.81141535940730     
  0.813862446939600        4.62527780634690        622057954.459191     
  1.479430270309290E-003   312.097125283237        3.89237876650432     
  0.718922120863552        4.61130088736787        586490870.120914     
  2.219145405463935E-003   330.201358133909        4.11816915617181     
  0.697227945504358        4.81539710167617        578870531.536575     
  2.958860540618580E-003   280.403179907095        3.49710168762419     
  0.843212270588276        4.34031395821246        632469665.327408     
  3.698575675773224E-003   307.894239170877        3.83996167151525     
  0.763206967364984        4.60316863888024        604047149.331681     
  4.438290810927869E-003   293.712413665167        3.66309033244540     
  0.688733187103135        4.35182351954854        578878851.238771     
  5.178005946082515E-003   287.927369985558        3.59094105788425     
  0.994687532301322        4.58562859018557        685580199.156986     
  5.917721081237159E-003   285.385318516127        3.55923737860814     
  0.818050080584968        4.37728745919311        622663289.574774     
  6.657436216391804E-003   309.938674854592        3.86545924070161     
  0.781363120231302        4.64682236093292        610351871.871751     
  7.397151351546448E-003   269.470186251128        3.36074877401696     
  0.787784648939989        4.14853342295695        613216815.139778     
  8.136866486701094E-003   280.471206050566        3.49795008863453     
  0.831297586385761        4.32924767502029        629570952.359155     
  8.876581621855738E-003   330.138684836038        4.11738751419533     
  0.620188809397563        4.73757632359289        553719571.561476     
  9.616296757010383E-003   320.008666070241        3.99104905493366     
  0.857902859476468        4.84895191441013        637520158.166987     
  1.035601189216503E-002   289.250980458745        3.60744871810791     
  0.796965828330473        4.40441454643838        616475045.554199     
  1.109572702731967E-002   306.062624064357        3.81711833470926     
  0.786513719909357        4.60363205461862        612125534.904601     
  1.183544216247432E-002   284.319296571448        3.54594228279997     
  0.841172068400256        4.38711435120022        630263402.039666     
  1.257515729762896E-002   312.228963848626        3.89402301629374     
  0.727078280350402        4.62110129664414        592687903.856753     
  1.331487243278361E-002   305.078315892331        3.80484234778688     
  0.800737794145475        4.60558014193235        616867934.443240     
  1.405458756793825E-002   274.141847302813        3.41901228498452     
  0.753397397636251        4.17240968262077        600497016.650008     
  1.479430270309290E-002   297.042224004192        3.70461869656714     
  0.885557990654160        4.59017668722130        648382537.087587     
  1.553401783824754E-002   294.095886468466        3.66787288658056     
  0.775665250162863        4.44353813674342        608132205.276283     
  1.627373297340219E-002   285.409382953772        3.55953750282758     
  0.695898433350877        4.25543593617846        580066204.017822     
  1.701344810855683E-002   313.839219096412        3.91410562144253     
  0.722029022153848        4.63613464359638        590228728.735671     
  1.775316324371148E-002   282.134602711895        3.51869545704815     
  0.840680467130101        4.35937592417825        632494011.363375     
  1.849287837886612E-002   312.314841381730        3.89509405431137     
  0.861609917017964        4.75670397132934        639726143.086178     
  1.923259351402077E-002   308.599503529218        3.84875751034487     
  0.665532476660417        4.51428998700529        569656748.157999     
  1.997230864917541E-002   307.507404321382        3.83513718698034     
  0.720788704419263        4.55592589139961        587475419.476894     
  2.071202378433006E-002   306.504166230822        3.82262511197196     
  0.658449908537113        4.48107502050908        565106111.076881     
  2.145173891948470E-002   306.117781522071        3.81780624145311     
  0.688426423489744        4.50623266494286        576092449.316710     
  2.219145405463935E-002   283.138091795932        3.53121066236950     
  0.822099897151747        4.35331055952125        622200164.659802     
  2.293116918979399E-002   305.958848251205        3.81582407488157     
  0.773670197830092        4.58949427271167        605785783.759695     
  2.367088432494864E-002   298.671371188738        3.72493691610499     
  0.765936873481555        4.49087378958654        603992090.334758     
  2.441059946010328E-002   286.736515929030        3.57608909460702     
  0.783326155532553        4.35941525013958        610836210.459294     
  2.515031459525793E-002   289.547509832130        3.61114694069025     
  0.769504997881218        4.38065193857147        606055769.354703     
  2.589002973041257E-002   275.194751173223        3.43214377622986     
  0.836552181150794        4.26869595738065        628753739.179926     
  2.662974486556722E-002   295.964699113237        3.69118013957265     
  0.750648690730679        4.44182883030333        597761628.707146     
  2.736946000072186E-002   286.813590881988        3.57705034956908     
  0.818194890780103        4.39524524034918        623230944.979824     
  2.810917513587650E-002   303.016757657648        3.77913123144349     
  0.701147140539132        4.48027837198263        580897264.160857     
  2.884889027103115E-002   288.860158583773        3.60257450862505     
  0.809160258795930        4.41173476742098        620767741.641255     
  2.958860540618579E-002   292.788898191618        3.65157253324582     
  0.757837256241082        4.40940978948691        602017356.148547     
  3.032832054134044E-002   298.867572889288        3.72738388299864     
  0.797649728691579        4.52503361169022        615688407.388713     
  3.106803567649509E-002   294.781732139462        3.67642654155083     
  0.929128442776035        4.60555498432686        664107682.336747     
  3.180775081164973E-002   272.029491648753        3.39266763894618     
  0.876844325494506        4.26951196444069        644904433.419001     
  3.254746594680438E-002   306.597626282058        3.82379071680929     
  0.782909433840377        4.60670015064967        612197366.197879     
  3.328718108195902E-002   314.670926819679        3.92447842279097     
  0.717550298566364        4.64202872135734        588830741.306185     
  3.402689621711366E-002   309.910698926434        3.86511033358292     
  0.835064504313033        4.70017483789595        629826903.264728     
  3.476661135226831E-002   283.254739702749        3.53266545896604     
  0.766967074810424        4.29963253377646        606667818.334586     
  3.550632648742295E-002   300.879678062150        3.75247823605849     
  0.720682543170464        4.47316077922896        589491030.631508     
  3.624604162257760E-002   303.502260930438        3.78518627802029     
  0.875913484475611        4.66109976249590        642450442.405978     
  3.698575675773225E-002   291.948591041584        3.64109248250788     
  0.753964545707042        4.39505702821492        600387160.170041     
  3.772547189288689E-002   277.336324318408        3.45885281377600     
  0.857494613339892        4.31634742711590        637054198.216384     
  3.846518702804153E-002   268.935241242915        3.35407710541595     
  0.813514403501273        4.16759150891722        622294889.623735     
  3.920490216319618E-002   317.893590174940        3.96467048288837     
  0.684754401567417        4.64942488445579        574568461.644984     
  3.994461729835082E-002   307.521715250833        3.83531566846387     
  0.862990296536561        4.69830596500043        637429096.985744     
  4.068433243350548E-002   280.512188801582        3.49846121282288     
  0.777332184972655        4.27579339779553        607799527.877515     
  4.142404756866012E-002   280.392344079117        3.49696654653086     
  0.749488422073852        4.24645496860471        599834904.421348     
  4.216376270381477E-002   271.521089540917        3.38632700518484     
  0.958149405817786        4.34447641100263        671294847.643450     
  4.290347783896942E-002   292.550890149484        3.64860417059712     
  0.746036758325952        4.39464092892307        598824731.075984     
  4.364319297412407E-002   298.161040370371        3.71857222806276     
  0.809567988743835        4.52814021680660        620459150.135928     
  4.438290810927872E-002   323.133376545713        4.03001947702634     
  0.802237284017139        4.83225676104348        616393181.599688     
  4.512262324443337E-002   297.093272742367        3.70525536063237     
  0.746814671782108        4.45207003241448        598077104.499376     
  4.586233837958802E-002   306.421928472004        3.82159946809288     
  0.731005298934061        4.55260476702694        592046792.499773     
  4.660205351474267E-002   309.145209729980        3.85556338920924     
  0.789057824946769        4.64462121415601        611988772.431661     
  4.734176864989732E-002   302.365954324391        3.77101461366548     
  0.798313118564125        4.56932773222961        617373779.466026     
  4.808148378505197E-002   278.344828635828        3.47143056753612     
  0.759082420473165        4.23051298800928        604592088.453393     
  4.882119892020662E-002   312.379857674016        3.89590491738915     
  0.804437980062021        4.70034289745117        620025072.873830     
  4.956091405536126E-002   320.163779782864        3.99298358515678     
  0.696046367982214        4.68902995313899        581043365.515375     
  5.030062919051592E-002   279.712978930239        3.48849371462701     
  0.747690147703204        4.23618386233021        598692869.454077     
  5.104034432567056E-002   305.586053899544        3.81117469909075     
  0.766597634111957        4.57777233320271        603953417.759513     
  5.178005946082521E-002   276.779671389692        3.45191041070811     
  0.620060213819183        4.07197062452729        551296523.215994     
  5.251977459597986E-002   309.253492087559        3.85691385326445     
  0.767590013707039        4.62450386697148        605078137.218107     
  5.325948973113451E-002   272.046685107411        3.39288207044195     
  0.901097146866500        4.29397921730845        652167236.233401     
  5.399920486628916E-002   309.175653363011        3.85594307277947     
  0.704349382168680        4.56029245494815        583426529.527434     
  5.473892000144381E-002   271.769572102576        3.38942600279967     
  0.873739701576598        4.26316570437627        643483231.686471     
  5.547863513659846E-002   319.540668369072        3.98521233242894     
  0.688076095317901        4.67328842774684        578941516.249719     
  5.621835027175311E-002   314.560665081585        3.92310327251450     
  0.806635798454752        4.72973907096926        618804165.790025     
  5.695806540690775E-002   325.210966822919        4.05593054004288     
  0.822281593576530        4.87821213361941        625610514.583118     
  5.769778054206241E-002   297.479729166365        3.71007512556158     
  0.758841505498722        4.46891663106030        604571947.175383     
  5.843749567721705E-002   316.487604220688        3.94713546115638     
  0.914871923375995        4.86200738453237        660133670.096864     
  5.917721081237170E-002   281.436899555301        3.50999391918687     
  0.917190515674491        4.42718443486136        660276346.561212     
  5.991692594752635E-002   307.696323353971        3.83749332669284     
  0.770314377675082        4.60780770436793        607735288.872272     
  6.065664108268100E-002   299.057185969544        3.72974867865887     
  0.770341176206491        4.50008985486536        606921364.641052     
  6.139635621783565E-002   325.402269246958        4.05831640467600     
  0.858640897104077        4.91695730178007        636728244.572834     
  6.213607135299030E-002   319.752869509798        3.98785883938935     
  0.894197836296374        4.88205667568572        650779825.252134     
  6.287578648814494E-002   300.967315601978        3.75357122433535     
  0.857732917462973        4.61130414179832        638060983.127738     
  6.361550162329960E-002   291.186003292800        3.63158172409167     
  0.833864736562240        4.46544646065391        631781443.172696     
  6.435521675845425E-002   293.692735516694        3.66284491266715     
  0.705577592177743        4.36842250484489        585577564.409702     
  6.509493189360889E-002   311.917546065825        3.89013911007644     
  0.820590243389934        4.71072935346638        623788251.884305     
  6.583464702876354E-002   318.197374858875        3.96845919145871     
  0.766613589350328        4.73507278080903        603070246.320664     
  6.657436216391820E-002   288.573370686465        3.59899777871779     
  0.810405343062799        4.40940312178058        620178012.029911     
  6.731407729907284E-002   314.249732767776        3.91922542091625     
  0.794294601318087        4.71352002223434        616447368.084786     
  6.805379243422749E-002   323.482610443729        4.03437501413021     
  0.866160486688763        4.90053550081897        639565313.336930     
  6.879350756938214E-002   314.970676798261        3.92821681176470     
  0.647392656164938        4.57560946792963        562081167.788143     
  6.953322270453680E-002   288.553864447900        3.59875450294671     
  0.789003659786038        4.38775816273275        611087279.490126     
  7.027293783969144E-002   304.422985008565        3.79666926379999     
  0.799315076879955        4.59598434067995        614220551.685591     
  7.101265297484609E-002   285.870445347275        3.56528773032128     
  0.894321394377826        4.45960912469910        647116001.356658     
  7.175236811000074E-002   287.567635711157        3.58645456333550     
  0.740303204911319        4.32675776824682        594521679.891367     
  7.249208324515538E-002   329.892703208046        4.11431970745127     
  0.759107169752281        4.87342687720355        602931463.475404     
  7.323179838031003E-002   298.430641471809        3.72193460957047     
   1.00983821515048        4.73177282472095        692267540.092191     
  7.397151351546469E-002   269.836757170945        3.36532053309169     
  0.844420655498967        4.20974118859066        631659597.210708     
